<?xml version="1.0" encoding="UTF-8"?>
<!-- Generated by org.testng.reporters.JUnitXMLReporter -->
<testsuite ignored="0" hostname="DESKTOP-5RK9T99" failures="0" tests="4" name="Testing on chrome" time="49.701" errors="0" timestamp="2024-11-11T13:59:37 NPT">
  <testcase classname="com.project.bachthree.automation.qa.tests.RegisterTest" name="verifyRegisterTest" time="4.75"/>
  <testcase classname="com.project.bachthree.automation.qa.tests.FormStoneChechBoxTest" name="verifyAllClicksOnCheckBoxes" time="12.097"/>
  <testcase classname="com.project.bachthree.automation.qa.tests.WindowHanldeTest" name="verifyWindowHandleTest" time="0.056"/>
  <testcase classname="com.project.bachthree.automation.qa.tests.TotalQAHomePageCheckBoxClickTest" name="verifyAllClicksOnCheckBoxes" time="0.002"/>
</testsuite> <!-- Testing on chrome -->
