<?xml version="1.0" encoding="UTF-8"?>
<!-- Generated by org.testng.reporters.JUnitXMLReporter -->
<testsuite ignored="0" hostname="DESKTOP-5RK9T99" failures="0" tests="2" name="Testing on chrome" time="47.98" errors="0" timestamp="2024-11-11T18:12:16 NPT">
  <testcase classname="com.project.bachthree.automation.qa.tests.RegisterTest" name="verifyRegisterTest" time="6.932"/>
  <testcase classname="com.project.bachthree.automation.qa.tests.RegisterTest" name="verifyRegisterTest" time="9.247"/>
</testsuite> <!-- Testing on chrome -->
