<?xml version="1.0" encoding="UTF-8"?>
<testng-results ignored="0" total="1" passed="1" failed="0" skipped="0">
  <reporter-output>
    <line>
      <![CDATA[register testcase Done!]]>
    </line>
  </reporter-output>
  <suite started-at="2024-11-11T13:49:37 NPT" name="Default suite" finished-at="2024-11-11T13:50:08 NPT" duration-ms="31459">
    <groups>
    </groups>
    <test started-at="2024-11-11T13:49:37 NPT" name="Default test" finished-at="2024-11-11T13:50:08 NPT" duration-ms="31459">
      <class name="com.project.bachthree.automation.qa.tests.RegisterTest">
        <test-method is-config="true" signature="setup()[pri:0, instance:com.project.bachthree.automation.qa.tests.RegisterTest@32502377]" started-at="2024-11-11T13:49:37 NPT" name="setup" finished-at="2024-11-11T13:50:03 NPT" duration-ms="26035" status="PASS">
          <reporter-output>
          </reporter-output>
        </test-method> <!-- setup -->
        <test-method signature="verifyRegisterTest()[pri:0, instance:com.project.bachthree.automation.qa.tests.RegisterTest@32502377]" started-at="2024-11-11T13:50:03 NPT" name="verifyRegisterTest" description="Register test case" finished-at="2024-11-11T13:50:08 NPT" duration-ms="5177" status="PASS">
          <reporter-output>
            <line>
              <![CDATA[register testcase Done!]]>
            </line>
          </reporter-output>
        </test-method> <!-- verifyRegisterTest -->
        <test-method is-config="true" signature="closeBrowserSession(org.testng.ITestResult)[pri:0, instance:com.project.bachthree.automation.qa.tests.RegisterTest@32502377]" started-at="2024-11-11T13:50:08 NPT" name="closeBrowserSession" finished-at="2024-11-11T13:50:08 NPT" duration-ms="187" status="PASS">
          <params>
            <param index="0">
              <value>
                <![CDATA[[TestResult name=verifyRegisterTest status=SUCCESS method=RegisterTest.verifyRegisterTest()[pri:0, instance:com.project.bachthree.automation.qa.tests.RegisterTest@32502377] output=register testcase Done!]]]>
              </value>
            </param>
          </params>
          <reporter-output>
          </reporter-output>
        </test-method> <!-- closeBrowserSession -->
      </class> <!-- com.project.bachthree.automation.qa.tests.RegisterTest -->
    </test> <!-- Default test -->
  </suite> <!-- Default suite -->
</testng-results>
