<?xml version="1.0" encoding="UTF-8"?>
<!-- Generated by org.testng.reporters.JUnitReportReporter -->
<testsuite hostname="DESKTOP-5RK9T99" failures="0" tests="4" name="com.project.bachthree.automation.qa.tests.RegisterTest" time="112.458" errors="2" timestamp="2024-11-11T18:12:24 NPT" skipped="0">
  <testcase classname="com.project.bachthree.automation.qa.tests.RegisterTest" name="closeBrowserSession" time="46.982">
    <error message="Timed out waiting for driver server to stop.
Build info: version: &#039;4.24.0&#039;, revision: &#039;748ffc9bc3&#039;
System info: os.name: &#039;Windows 10&#039;, os.arch: &#039;amd64&#039;, os.version: &#039;10.0&#039;, java.version: &#039;17.0.7&#039;
Driver info: org.openqa.selenium.firefox.FirefoxDriver
Command: [a62bc06c-6e0a-4427-834e-adea1941cbf3, quit {}]
Capabilities {acceptInsecureCerts: true, browserName: firefox, browserVersion: 132.0.1, moz:accessibilityChecks: false, moz:buildID: 20241103194048, moz:debuggerAddress: 127.0.0.1:32298, moz:geckodriverVersion: 0.35.0, moz:headless: false, moz:platformVersion: 10.0, moz:processID: 10656, moz:profile: C:\Users\USER\AppData\Local..., moz:shutdownTimeout: 60000, moz:webdriverClick: true, moz:windowless: false, pageLoadStrategy: normal, platformName: windows, proxy: Proxy(), se:cdp: ws://127.0.0.1:32298/devtoo..., se:cdpVersion: 85.0, setWindowRect: true, strictFileInteractability: false, timeouts: {implicit: 0, pageLoad: 300000, script: 30000}, unhandledPromptBehavior: dismiss and notify, userAgent: Mozilla/5.0 (Windows NT 10....}" type="org.openqa.selenium.WebDriverException">
      <![CDATA[org.openqa.selenium.WebDriverException: Timed out waiting for driver server to stop.
Build info: version: '4.24.0', revision: '748ffc9bc3'
System info: os.name: 'Windows 10', os.arch: 'amd64', os.version: '10.0', java.version: '17.0.7'
Driver info: org.openqa.selenium.firefox.FirefoxDriver
Command: [a62bc06c-6e0a-4427-834e-adea1941cbf3, quit {}]
Capabilities {acceptInsecureCerts: true, browserName: firefox, browserVersion: 132.0.1, moz:accessibilityChecks: false, moz:buildID: 20241103194048, moz:debuggerAddress: 127.0.0.1:32298, moz:geckodriverVersion: 0.35.0, moz:headless: false, moz:platformVersion: 10.0, moz:processID: 10656, moz:profile: C:\Users\USER\AppData\Local..., moz:shutdownTimeout: 60000, moz:webdriverClick: true, moz:windowless: false, pageLoadStrategy: normal, platformName: windows, proxy: Proxy(), se:cdp: ws://127.0.0.1:32298/devtoo..., se:cdpVersion: 85.0, setWindowRect: true, strictFileInteractability: false, timeouts: {implicit: 0, pageLoad: 300000, script: 30000}, unhandledPromptBehavior: dismiss and notify, userAgent: Mozilla/5.0 (Windows NT 10....}
at org.openqa.selenium.remote.service.DriverCommandExecutor.execute(DriverCommandExecutor.java:164)
at org.openqa.selenium.remote.RemoteWebDriver.execute(RemoteWebDriver.java:545)
at org.openqa.selenium.remote.RemoteWebDriver.execute(RemoteWebDriver.java:618)
at org.openqa.selenium.remote.RemoteWebDriver.execute(RemoteWebDriver.java:622)
at org.openqa.selenium.remote.RemoteWebDriver.quit(RemoteWebDriver.java:446)
at org.openqa.selenium.firefox.FirefoxDriver.quit(FirefoxDriver.java:397)
at java.base/jdk.internal.reflect.NativeMethodAccessorImpl.invoke0(Native Method)
at java.base/jdk.internal.reflect.NativeMethodAccessorImpl.invoke(NativeMethodAccessorImpl.java:77)
at java.base/jdk.internal.reflect.DelegatingMethodAccessorImpl.invoke(DelegatingMethodAccessorImpl.java:43)
at java.base/java.lang.reflect.Method.invoke(Method.java:568)
at org.openqa.selenium.support.decorators.WebDriverDecorator.call(WebDriverDecorator.java:249)
at org.openqa.selenium.support.decorators.DefaultDecorated.call(DefaultDecorated.java:48)
at org.openqa.selenium.support.decorators.WebDriverDecorator.lambda$createProxy$2(WebDriverDecorator.java:321)
at net.bytebuddy.renamed.java.lang.Object$ByteBuddy$pQrQbaBE.quit(Unknown Source)
at com.project.bachthree.automation.qa.base.BaseClass.closeBrowserSession(BaseClass.java:116)
at java.base/jdk.internal.reflect.NativeMethodAccessorImpl.invoke0(Native Method)
at java.base/jdk.internal.reflect.NativeMethodAccessorImpl.invoke(NativeMethodAccessorImpl.java:77)
at java.base/jdk.internal.reflect.DelegatingMethodAccessorImpl.invoke(DelegatingMethodAccessorImpl.java:43)
at java.base/java.lang.reflect.Method.invoke(Method.java:568)
at org.testng.internal.MethodInvocationHelper.invokeMethod(MethodInvocationHelper.java:134)
at org.testng.internal.MethodInvocationHelper.invokeMethodConsideringTimeout(MethodInvocationHelper.java:63)
at org.testng.internal.ConfigInvoker.invokeConfigurationMethod(ConfigInvoker.java:348)
at org.testng.internal.ConfigInvoker.invokeConfigurations(ConfigInvoker.java:302)
at org.testng.internal.TestInvoker.runConfigMethods(TestInvoker.java:695)
at org.testng.internal.TestInvoker.runAfterGroupsConfigurations(TestInvoker.java:671)
at org.testng.internal.TestInvoker.invokeMethod(TestInvoker.java:655)
at org.testng.internal.TestInvoker.invokeTestMethod(TestInvoker.java:173)
at org.testng.internal.MethodRunner.runInSequence(MethodRunner.java:46)
at org.testng.internal.TestInvoker$MethodInvocationAgent.invoke(TestInvoker.java:816)
at org.testng.internal.TestInvoker.invokeTestMethods(TestInvoker.java:146)
at org.testng.internal.TestMethodWorker.invokeTestMethods(TestMethodWorker.java:146)
at org.testng.internal.TestMethodWorker.run(TestMethodWorker.java:128)
at java.base/java.util.ArrayList.forEach(ArrayList.java:1511)
at org.testng.TestRunner.privateRun(TestRunner.java:766)
at org.testng.TestRunner.run(TestRunner.java:587)
at org.testng.SuiteRunner.runTest(SuiteRunner.java:384)
at org.testng.SuiteRunner.access$000(SuiteRunner.java:28)
at org.testng.SuiteRunner$SuiteWorker.run(SuiteRunner.java:425)
at org.testng.internal.thread.ThreadUtil.lambda$execute$0(ThreadUtil.java:68)
at java.base/java.util.concurrent.FutureTask.run(FutureTask.java:264)
at java.base/java.util.concurrent.ThreadPoolExecutor.runWorker(ThreadPoolExecutor.java:1136)
at java.base/java.util.concurrent.ThreadPoolExecutor$Worker.run(ThreadPoolExecutor.java:635)
at java.base/java.lang.Thread.run(Thread.java:833)
Caused by: java.util.concurrent.ExecutionException: java.lang.NullPointerException: Cannot invoke "org.openqa.selenium.os.ExternalProcess.waitFor(java.time.Duration)" because "this.service.process" is null
at java.base/java.util.concurrent.CompletableFuture.reportGet(CompletableFuture.java:396)
at java.base/java.util.concurrent.CompletableFuture.get(CompletableFuture.java:2096)
at org.openqa.selenium.remote.service.DriverCommandExecutor.execute(DriverCommandExecutor.java:160)
... 42 more
Caused by: java.lang.NullPointerException: Cannot invoke "org.openqa.selenium.os.ExternalProcess.waitFor(java.time.Duration)" because "this.service.process" is null
at org.openqa.selenium.remote.service.DriverCommandExecutor.lambda$execute$2(DriverCommandExecutor.java:148)
at java.base/java.util.concurrent.CompletableFuture$AsyncSupply.run(CompletableFuture.java:1768)
... 3 more
]]>
    </error>
  </testcase> <!-- closeBrowserSession -->
  <system-out>
Exception occured: FirefoxDriver: firefox on windows (null) Exception occured: FirefoxDriver: firefox on windows (null) Exception occured: FirefoxDriver: firefox on windows (null) Exception occured: FirefoxDriver: firefox on windows (null) Exception occured: FirefoxDriver: firefox on windows (null) Exception occured: FirefoxDriver: firefox on windows (null) Exception occured: FirefoxDriver: firefox on windows (null) Exception occured: FirefoxDriver: firefox on windows (null) Exception occured: FirefoxDriver: firefox on windows (null) Exception occured: FirefoxDriver: firefox on windows (null) Exception occured: FirefoxDriver: firefox on windows (null) Exception occured: FirefoxDriver: firefox on windows (null) Exception occured: FirefoxDriver: firefox on windows (null) Exception occured: FirefoxDriver: firefox on windows (null) Exception occured: FirefoxDriver: firefox on windows (null) Exception occured: FirefoxDriver: firefox on windows (null) Exception occured: FirefoxDriver: firefox on windows (null) Exception occured: FirefoxDriver: firefox on windows (null) Exception occured: FirefoxDriver: firefox on windows (null) Exception occured: FirefoxDriver: firefox on windows (null) Exception occured: FirefoxDriver: firefox on windows (null) Exception occured: FirefoxDriver: firefox on windows (null) Exception occured: FirefoxDriver: firefox on windows (null) Exception occured: FirefoxDriver: firefox on windows (null) Exception occured: FirefoxDriver: firefox on windows (null) Exception occured: FirefoxDriver: firefox on windows (null) Exception occured: FirefoxDriver: firefox on windows (null) Exception occured: FirefoxDriver: firefox on windows (null) Exception occured: FirefoxDriver: firefox on windows (null) Exception occured: FirefoxDriver: firefox on windows (null) Exception occured: FirefoxDriver: firefox on windows (null) Exception occured: FirefoxDriver: firefox on windows (null) Exception occured: FirefoxDriver: firefox on windows (null) Exception occured: FirefoxDriver: firefox on windows (null) Exception occured: FirefoxDriver: firefox on windows (null) Exception occured: FirefoxDriver: firefox on windows (null) Exception occured: FirefoxDriver: firefox on windows (null) Exception occured: FirefoxDriver: firefox on windows (null) Exception occured: FirefoxDriver: firefox on windows (null) Exception occured: FirefoxDriver: firefox on windows (null) Exception occured: FirefoxDriver: firefox on windows (null) Exception occured: FirefoxDriver: firefox on windows (null) Exception occured: FirefoxDriver: firefox on windows (null) Exception occured: FirefoxDriver: firefox on windows (null) Exception occured: FirefoxDriver: firefox on windows (null) Exception occured: FirefoxDriver: firefox on windows (null) Exception occured: FirefoxDriver: firefox on windows (null) Exception occured: FirefoxDriver: firefox on windows (null) Exception occured: FirefoxDriver: firefox on windows (null) Exception occured: FirefoxDriver: firefox on windows (null) Exception occured: FirefoxDriver: firefox on windows (null) Exception occured: FirefoxDriver: firefox on windows (null) Exception occured: FirefoxDriver: firefox on windows (null) Exception occured: FirefoxDriver: firefox on windows (null) Exception occured: FirefoxDriver: firefox on windows (null) Exception occured: FirefoxDriver: firefox on windows (null) Exception occured: FirefoxDriver: firefox on windows (null) Exception occured: FirefoxDriver: firefox on windows (null) Exception occured: FirefoxDriver: firefox on windows (null) Exception occured: FirefoxDriver: firefox on windows (null) Exception occured: FirefoxDriver: firefox on windows (null) Exception occured: FirefoxDriver: firefox on windows (null) Exception occured: FirefoxDriver: firefox on windows (null) Exception occured: FirefoxDriver: firefox on windows (null) Exception occured: FirefoxDriver: firefox on windows (null) Exception occured: FirefoxDriver: firefox on windows (null) Exception occured: FirefoxDriver: firefox on windows (null) Exception occured: FirefoxDriver: firefox on windows (null) Exception occured: FirefoxDriver: firefox on windows (null) Exception occured: FirefoxDriver: firefox on windows (null) Exception occured: FirefoxDriver: firefox on windows (null) Exception occured: FirefoxDriver: firefox on windows (null) Exception occured: FirefoxDriver: firefox on windows (null) Exception occured: FirefoxDriver: firefox on windows (null) Exception occured: FirefoxDriver: firefox on windows (null) Exception occured: FirefoxDriver: firefox on windows (null) Exception occured: FirefoxDriver: firefox on windows (null) Exception occured: FirefoxDriver: firefox on windows (null) Exception occured: FirefoxDriver: firefox on windows (null) Exception occured: FirefoxDriver: firefox on windows (null) Exception occured: FirefoxDriver: firefox on windows (null) Exception occured: FirefoxDriver: firefox on windows (null) Exception occured: FirefoxDriver: firefox on windows (null) Exception occured: FirefoxDriver: firefox on windows (null) Exception occured: FirefoxDriver: firefox on windows (null) Exception occured: FirefoxDriver: firefox on windows (null) Exception occured: FirefoxDriver: firefox on windows (null) Exception occured: FirefoxDriver: firefox on windows (null) Exception occured: FirefoxDriver: firefox on windows (null) Exception occured: FirefoxDriver: firefox on windows (null) Exception occured: FirefoxDriver: firefox on windows (null) Exception occured: FirefoxDriver: firefox on windows (null) Exception occured: FirefoxDriver: firefox on windows (null) Exception occured: FirefoxDriver: firefox on windows (null) Exception occured: FirefoxDriver: firefox on windows (null) Exception occured: FirefoxDriver: firefox on windows (null) Exception occured: FirefoxDriver: firefox on windows (null) Exception occured: FirefoxDriver: firefox on windows (null) Exception occured: FirefoxDriver: firefox on windows (null) Exception occured: FirefoxDriver: firefox on windows (null) Exception occured: FirefoxDriver: firefox on windows (null) Exception occured: FirefoxDriver: firefox on windows (null) Exception occured: FirefoxDriver: firefox on windows (null) Exception occured: FirefoxDriver: firefox on windows (null) Exception occured: FirefoxDriver: firefox on windows (null) Exception occured: FirefoxDriver: firefox on windows (null) Exception occured: FirefoxDriver: firefox on windows (null) Exception occured: FirefoxDriver: firefox on windows (null) Exception occured: FirefoxDriver: firefox on windows (null) Exception occured: FirefoxDriver: firefox on windows (null) Exception occured: FirefoxDriver: firefox on windows (null) Exception occured: FirefoxDriver: firefox on windows (null) Exception occured: FirefoxDriver: firefox on windows (null) Exception occured: FirefoxDriver: firefox on windows (null) Exception occured: FirefoxDriver: firefox on windows (null) Exception occured: FirefoxDriver: firefox on windows (null) Exception occured: FirefoxDriver: firefox on windows (null) Exception occured: FirefoxDriver: firefox on windows (null) Exception occured: FirefoxDriver: firefox on windows (null) Exception occured: FirefoxDriver: firefox on windows (null) Exception occured: FirefoxDriver: firefox on windows (null) Exception occured: FirefoxDriver: firefox on windows (null) Exception occured: FirefoxDriver: firefox on windows (null) Exception occured: FirefoxDriver: firefox on windows (null) Exception occured: FirefoxDriver: firefox on windows (null) Exception occured: FirefoxDriver: firefox on windows (null) Exception occured: FirefoxDriver: firefox on windows (null) Exception occured: FirefoxDriver: firefox on windows (null) Exception occured: FirefoxDriver: firefox on windows (null) Exception occured: FirefoxDriver: firefox on windows (null) Exception occured: FirefoxDriver: firefox on windows (null) Exception occured: FirefoxDriver: firefox on windows (null) Exception occured: FirefoxDriver: firefox on windows (null) Exception occured: FirefoxDriver: firefox on windows (null) Exception occured: FirefoxDriver: firefox on windows (null) Exception occured: FirefoxDriver: firefox on windows (null) Exception occured: FirefoxDriver: firefox on windows (null) Exception occured: FirefoxDriver: firefox on windows (null) Exception occured: FirefoxDriver: firefox on windows (null) Exception occured: FirefoxDriver: firefox on windows (null) Exception occured: FirefoxDriver: firefox on windows (null) Exception occured: FirefoxDriver: firefox on windows (null) Exception occured: FirefoxDriver: firefox on windows (null) Exception occured: FirefoxDriver: firefox on windows (null) Exception occured: FirefoxDriver: firefox on windows (null) Exception occured: FirefoxDriver: firefox on windows (null) Exception occured: FirefoxDriver: firefox on windows (null) Exception occured: FirefoxDriver: firefox on windows (null) Exception occured: FirefoxDriver: firefox on windows (null) Exception occured: FirefoxDriver: firefox on windows (null) Exception occured: FirefoxDriver: firefox on windows (null) Exception occured: FirefoxDriver: firefox on windows (null) Exception occured: FirefoxDriver: firefox on windows (null) Exception occured: FirefoxDriver: firefox on windows (null) Exception occured: FirefoxDriver: firefox on windows (null) Exception occured: FirefoxDriver: firefox on windows (null) Exception occured: FirefoxDriver: firefox on windows (null) Exception occured: FirefoxDriver: firefox on windows (null) Exception occured: FirefoxDriver: firefox on windows (null) Exception occured: FirefoxDriver: firefox on windows (null) Exception occured: FirefoxDriver: firefox on windows (null) Exception occured: FirefoxDriver: firefox on windows (null) Exception occured: FirefoxDriver: firefox on windows (null) Exception occured: FirefoxDriver: firefox on windows (null) Exception occured: FirefoxDriver: firefox on windows (null) Exception occured: FirefoxDriver: firefox on windows (null) Exception occured: FirefoxDriver: firefox on windows (null) Exception occured: FirefoxDriver: firefox on windows (null) Exception occured: FirefoxDriver: firefox on windows (null) Exception occured: FirefoxDriver: firefox on windows (null) Exception occured: FirefoxDriver: firefox on windows (null) Exception occured: FirefoxDriver: firefox on windows (null) Exception occured: FirefoxDriver: firefox on windows (null) Exception occured: FirefoxDriver: firefox on windows (null) Exception occured: FirefoxDriver: firefox on windows (null) Exception occured: FirefoxDriver: firefox on windows (null) Exception occured: FirefoxDriver: firefox on windows (null) Exception occured: FirefoxDriver: firefox on windows (null) Exception occured: FirefoxDriver: firefox on windows (null) Exception occured: FirefoxDriver: firefox on windows (null) Exception occured: FirefoxDriver: firefox on windows (null) Exception occured: FirefoxDriver: firefox on windows (null) Exception occured: FirefoxDriver: firefox on windows (null) Exception occured: FirefoxDriver: firefox on windows (null) Exception occured: FirefoxDriver: firefox on windows (null) Exception occured: FirefoxDriver: firefox on windows (null) Exception occured: FirefoxDriver: firefox on windows (null) Exception occured: FirefoxDriver: firefox on windows (null) Exception occured: FirefoxDriver: firefox on windows (null) Exception occured: FirefoxDriver: firefox on windows (null) Exception occured: FirefoxDriver: firefox on windows (null) Exception occured: FirefoxDriver: firefox on windows (null) Exception occured: FirefoxDriver: firefox on windows (null) Exception occured: FirefoxDriver: firefox on windows (null) Exception occured: FirefoxDriver: firefox on windows (null) Exception occured: FirefoxDriver: firefox on windows (null) Exception occured: FirefoxDriver: firefox on windows (null) Exception occured: FirefoxDriver: firefox on windows (null) Exception occured: FirefoxDriver: firefox on windows (null) Exception occured: FirefoxDriver: firefox on windows (null) Exception occured: FirefoxDriver: firefox on windows (null) Exception occured: FirefoxDriver: firefox on windows (null) Exception occured: FirefoxDriver: firefox on windows (null) Exception occured: FirefoxDriver: firefox on windows (null) Exception occured: FirefoxDriver: firefox on windows (null) Exception occured: FirefoxDriver: firefox on windows (null) Exception occured: FirefoxDriver: firefox on windows (null) Exception occured: FirefoxDriver: firefox on windows (null) Exception occured: FirefoxDriver: firefox on windows (null) Exception occured: FirefoxDriver: firefox on windows (null) Exception occured: FirefoxDriver: firefox on windows (null) Exception occured: FirefoxDriver: firefox on windows (null) Exception occured: FirefoxDriver: firefox on windows (null) Exception occured: FirefoxDriver: firefox on windows (null) Exception occured: FirefoxDriver: firefox on windows (null) Exception occured: FirefoxDriver: firefox on windows (null) Exception occured: FirefoxDriver: firefox on windows (null) Exception occured: FirefoxDriver: firefox on windows (null) Exception occured: FirefoxDriver: firefox on windows (null) Exception occured: FirefoxDriver: firefox on windows (null) Exception occured: FirefoxDriver: firefox on windows (null) Exception occured: FirefoxDriver: firefox on windows (null) Exception occured: FirefoxDriver: firefox on windows (null) Exception occured: FirefoxDriver: firefox on windows (null) Exception occured: FirefoxDriver: firefox on windows (null) Exception occured: FirefoxDriver: firefox on windows (null) Exception occured: FirefoxDriver: firefox on windows (null) Exception occured: FirefoxDriver: firefox on windows (null) Exception occured: FirefoxDriver: firefox on windows (null) Exception occured: FirefoxDriver: firefox on windows (null) Exception occured: FirefoxDriver: firefox on windows (null) Exception occured: FirefoxDriver: firefox on windows (null) Exception occured: FirefoxDriver: firefox on windows (null) Exception occured: FirefoxDriver: firefox on windows (null) Exception occured: FirefoxDriver: firefox on windows (null) Exception occured: FirefoxDriver: firefox on windows (null) Exception occured: FirefoxDriver: firefox on windows (null) Exception occured: FirefoxDriver: firefox on windows (null) Exception occured: FirefoxDriver: firefox on windows (null) Exception occured: FirefoxDriver: firefox on windows (null) Exception occured: FirefoxDriver: firefox on windows (null) Exception occured: FirefoxDriver: firefox on windows (null) Exception occured: FirefoxDriver: firefox on windows (null) Exception occured: FirefoxDriver: firefox on windows (null) Exception occured: FirefoxDriver: firefox on windows (null) Exception occured: FirefoxDriver: firefox on windows (null) Exception occured: FirefoxDriver: firefox on windows (null) Exception occured: FirefoxDriver: firefox on windows (null) Exception occured: FirefoxDriver: firefox on windows (null) Exception occured: FirefoxDriver: firefox on windows (null) Exception occured: FirefoxDriver: firefox on windows (null) Exception occured: FirefoxDriver: firefox on windows (null) Exception occured: FirefoxDriver: firefox on windows (null) Exception occured: FirefoxDriver: firefox on windows (null) Exception occured: FirefoxDriver: firefox on windows (null) Exception occured: FirefoxDriver: firefox on windows (null) Exception occured: FirefoxDriver: firefox on windows (null) Exception occured: FirefoxDriver: firefox on windows (null) Exception occured: FirefoxDriver: firefox on windows (null) Exception occured: FirefoxDriver: firefox on windows (null) Exception occured: FirefoxDriver: firefox on windows (null) Exception occured: FirefoxDriver: firefox on windows (null) Exception occured: FirefoxDriver: firefox on windows (null) Exception occured: FirefoxDriver: firefox on windows (null) Exception occured: FirefoxDriver: firefox on windows (null) Exception occured: FirefoxDriver: firefox on windows (null) Exception occured: FirefoxDriver: firefox on windows (null) Exception occured: FirefoxDriver: firefox on windows (null) Exception occured: FirefoxDriver: firefox on windows (null) Exception occured: FirefoxDriver: firefox on windows (null) Exception occured: FirefoxDriver: firefox on windows (null) Exception occured: FirefoxDriver: firefox on windows (null) Exception occured: FirefoxDriver: firefox on windows (null) Exception occured: FirefoxDriver: firefox on windows (null) Exception occured: FirefoxDriver: firefox on windows (null) Exception occured: FirefoxDriver: firefox on windows (null) Exception occured: FirefoxDriver: firefox on windows (null) Exception occured: FirefoxDriver: firefox on windows (null) Exception occured: FirefoxDriver: firefox on windows (null) Exception occured: FirefoxDriver: firefox on windows (null) Exception occured: FirefoxDriver: firefox on windows (null) Exception occured: FirefoxDriver: firefox on windows (null) Exception occured: FirefoxDriver: firefox on windows (null) Exception occured: FirefoxDriver: firefox on windows (null) Exception occured: FirefoxDriver: firefox on windows (null) Exception occured: FirefoxDriver: firefox on windows (null) Exception occured: FirefoxDriver: firefox on windows (null) Exception occured: FirefoxDriver: firefox on windows (null) Exception occured: FirefoxDriver: firefox on windows (null) Exception occured: FirefoxDriver: firefox on windows (null) Exception occured: FirefoxDriver: firefox on windows (null) Exception occured: FirefoxDriver: firefox on windows (null) Exception occured: FirefoxDriver: firefox on windows (null) Exception occured: FirefoxDriver: firefox on windows (null) Exception occured: FirefoxDriver: firefox on windows (null) Exception occured: FirefoxDriver: firefox on windows (null) Exception occured: FirefoxDriver: firefox on windows (null) Exception occured: FirefoxDriver: firefox on windows (null) Exception occured: FirefoxDriver: firefox on windows (null) Exception occured: FirefoxDriver: firefox on windows (null) Exception occured: FirefoxDriver: firefox on windows (null) Exception occured: FirefoxDriver: firefox on windows (null) Exception occured: FirefoxDriver: firefox on windows (null) Exception occured: FirefoxDriver: firefox on windows (null) Exception occured: FirefoxDriver: firefox on windows (null) Exception occured: FirefoxDriver: firefox on windows (null) Exception occured: FirefoxDriver: firefox on windows (null) Exception occured: FirefoxDriver: firefox on windows (null) Exception occured: FirefoxDriver: firefox on windows (null) Exception occured: FirefoxDriver: firefox on windows (null) Exception occured: FirefoxDriver: firefox on windows (null) Exception occured: FirefoxDriver: firefox on windows (null) Exception occured: FirefoxDriver: firefox on windows (null) Exception occured: FirefoxDriver: firefox on windows (null) Exception occured: FirefoxDriver: firefox on windows (null) Exception occured: FirefoxDriver: firefox on windows (null) Exception occured: FirefoxDriver: firefox on windows (null) Exception occured: FirefoxDriver: firefox on windows (null) Exception occured: FirefoxDriver: firefox on windows (null) Exception occured: FirefoxDriver: firefox on windows (null) Exception occured: FirefoxDriver: firefox on windows (null) Exception occured: FirefoxDriver: firefox on windows (null) Exception occured: FirefoxDriver: firefox on windows (null) Exception occured: FirefoxDriver: firefox on windows (null) Exception occured: FirefoxDriver: firefox on windows (null) Exception occured: FirefoxDriver: firefox on windows (null) Exception occured: FirefoxDriver: firefox on windows (null) Exception occured: FirefoxDriver: firefox on windows (null) Exception occured: FirefoxDriver: firefox on windows (null) Exception occured: FirefoxDriver: firefox on windows (null) Exception occured: FirefoxDriver: firefox on windows (null) Exception occured: FirefoxDriver: firefox on windows (null) Exception occured: FirefoxDriver: firefox on windows (null) Exception occured: FirefoxDriver: firefox on windows (null) Exception occured: FirefoxDriver: firefox on windows (null) Exception occured: FirefoxDriver: firefox on windows (null) Exception occured: FirefoxDriver: firefox on windows (null) Exception occured: FirefoxDriver: firefox on windows (null) Exception occured: FirefoxDriver: firefox on windows (null) Exception occured: FirefoxDriver: firefox on windows (null) Exception occured: FirefoxDriver: firefox on windows (null) Exception occured: FirefoxDriver: firefox on windows (null) Exception occured: FirefoxDriver: firefox on windows (null) Exception occured: FirefoxDriver: firefox on windows (null) Exception occured: FirefoxDriver: firefox on windows (null) Exception occured: FirefoxDriver: firefox on windows (null) Exception occured: FirefoxDriver: firefox on windows (null) Exception occured: FirefoxDriver: firefox on windows (null) Exception occured: FirefoxDriver: firefox on windows (null) Exception occured: FirefoxDriver: firefox on windows (null) Exception occured: FirefoxDriver: firefox on windows (null) Exception occured: FirefoxDriver: firefox on windows (null) Exception occured: FirefoxDriver: firefox on windows (null) Exception occured: FirefoxDriver: firefox on windows (null) Exception occured: FirefoxDriver: firefox on windows (null) Exception occured: FirefoxDriver: firefox on windows (null) Exception occured: FirefoxDriver: firefox on windows (null) Exception occured: FirefoxDriver: firefox on windows (null) Exception occured: FirefoxDriver: firefox on windows (null) Exception occured: FirefoxDriver: firefox on windows (null) Exception occured: FirefoxDriver: firefox on windows (null) Exception occured: FirefoxDriver: firefox on windows (null) Exception occured: FirefoxDriver: firefox on windows (null) Exception occured: FirefoxDriver: firefox on windows (null) Exception occured: FirefoxDriver: firefox on windows (null) Exception occured: FirefoxDriver: firefox on windows (null) Exception occured: FirefoxDriver: firefox on windows (null) Exception occured: FirefoxDriver: firefox on windows (null) Exception occured: FirefoxDriver: firefox on windows (null) Exception occured: FirefoxDriver: firefox on windows (null) Exception occured: FirefoxDriver: firefox on windows (null) Exception occured: FirefoxDriver: firefox on windows (null) Exception occured: FirefoxDriver: firefox on windows (null) Exception occured: FirefoxDriver: firefox on windows (null) Exception occured: FirefoxDriver: firefox on windows (null) Exception occured: FirefoxDriver: firefox on windows (null) Exception occured: FirefoxDriver: firefox on windows (null) Exception occured: FirefoxDriver: firefox on windows (null) Exception occured: FirefoxDriver: firefox on windows (null) Exception occured: FirefoxDriver: firefox on windows (null) Exception occured: FirefoxDriver: firefox on windows (null) Exception occured: FirefoxDriver: firefox on windows (null) Exception occured: FirefoxDriver: firefox on windows (null) Exception occured: FirefoxDriver: firefox on windows (null) Exception occured: FirefoxDriver: firefox on windows (null) Exception occured: FirefoxDriver: firefox on windows (null) Exception occured: FirefoxDriver: firefox on windows (null) Exception occured: FirefoxDriver: firefox on windows (null) Exception occured: FirefoxDriver: firefox on windows (null) Exception occured: FirefoxDriver: firefox on windows (null) Exception occured: FirefoxDriver: firefox on windows (null) Exception occured: FirefoxDriver: firefox on windows (null) Exception occured: FirefoxDriver: firefox on windows (null) Exception occured: FirefoxDriver: firefox on windows (null) Exception occured: FirefoxDriver: firefox on windows (null) Exception occured: FirefoxDriver: firefox on windows (null) Exception occured: FirefoxDriver: firefox on windows (null) Exception occured: FirefoxDriver: firefox on windows (null) Exception occured: FirefoxDriver: firefox on windows (null) Exception occured: FirefoxDriver: firefox on windows (null) Exception occured: FirefoxDriver: firefox on windows (null) Exception occured: FirefoxDriver: firefox on windows (null) Exception occured: FirefoxDriver: firefox on windows (null) Exception occured: FirefoxDriver: firefox on windows (null) Exception occured: FirefoxDriver: firefox on windows (null) Exception occured: FirefoxDriver: firefox on windows (null) Exception occured: FirefoxDriver: firefox on windows (null) Exception occured: FirefoxDriver: firefox on windows (null) Exception occured: FirefoxDriver: firefox on windows (null) Exception occured: FirefoxDriver: firefox on windows (null) Exception occured: FirefoxDriver: firefox on windows (null) Exception occured: FirefoxDriver: firefox on windows (null) Exception occured: FirefoxDriver: firefox on windows (null) Exception occured: FirefoxDriver: firefox on windows (null) Exception occured: FirefoxDriver: firefox on windows (null) Exception occured: FirefoxDriver: firefox on windows (null) Exception occured: FirefoxDriver: firefox on windows (null) Exception occured: FirefoxDriver: firefox on windows (null) Exception occured: FirefoxDriver: firefox on windows (null) Exception occured: FirefoxDriver: firefox on windows (null) Exception occured: FirefoxDriver: firefox on windows (null) Exception occured: FirefoxDriver: firefox on windows (null) Exception occured: FirefoxDriver: firefox on windows (null) Exception occured: FirefoxDriver: firefox on windows (null) Exception occured: FirefoxDriver: firefox on windows (null) Exception occured: FirefoxDriver: firefox on windows (null) Exception occured: FirefoxDriver: firefox on windows (null) Exception occured: FirefoxDriver: firefox on windows (null) Exception occured: FirefoxDriver: firefox on windows (null) Exception occured: FirefoxDriver: firefox on windows (null) Exception occured: FirefoxDriver: firefox on windows (null) Exception occured: FirefoxDriver: firefox on windows (null) Exception occured: FirefoxDriver: firefox on windows (null) Exception occured: FirefoxDriver: firefox on windows (null) Exception occured: FirefoxDriver: firefox on windows (null) Exception occured: FirefoxDriver: firefox on windows (null) Exception occured: FirefoxDriver: firefox on windows (null) Exception occured: FirefoxDriver: firefox on windows (null) Exception occured: FirefoxDriver: firefox on windows (null) Exception occured: FirefoxDriver: firefox on windows (null) Exception occured: FirefoxDriver: firefox on windows (null) Exception occured: FirefoxDriver: firefox on windows (null) Exception occured: FirefoxDriver: firefox on windows (null) Exception occured: FirefoxDriver: firefox on windows (null) Exception occured: FirefoxDriver: firefox on windows (null) Exception occured: FirefoxDriver: firefox on windows (null) Exception occured: FirefoxDriver: firefox on windows (null) Exception occured: FirefoxDriver: firefox on windows (null) Exception occured: FirefoxDriver: firefox on windows (null) Exception occured: FirefoxDriver: firefox on windows (null) Exception occured: FirefoxDriver: firefox on windows (null) Exception occured: FirefoxDriver: firefox on windows (null) Exception occured: FirefoxDriver: firefox on windows (null) Exception occured: FirefoxDriver: firefox on windows (null) Exception occured: FirefoxDriver: firefox on windows (null) Exception occured: FirefoxDriver: firefox on windows (null) Exception occured: FirefoxDriver: firefox on windows (null) Exception occured: FirefoxDriver: firefox on windows (null) Exception occured: FirefoxDriver: firefox on windows (null) Exception occured: FirefoxDriver: firefox on windows (null) Exception occured: FirefoxDriver: firefox on windows (null) Exception occured: FirefoxDriver: firefox on windows (null) Exception occured: FirefoxDriver: firefox on windows (null) Exception occured: FirefoxDriver: firefox on windows (null) Exception occured: FirefoxDriver: firefox on windows (null) Exception occured: FirefoxDriver: firefox on windows (null) Exception occured: FirefoxDriver: firefox on windows (null) Exception occured: FirefoxDriver: firefox on windows (null) Exception occured: FirefoxDriver: firefox on windows (null) Exception occured: FirefoxDriver: firefox on windows (null) Exception occured: FirefoxDriver: firefox on windows (null) Exception occured: FirefoxDriver: firefox on windows (null) Exception occured: FirefoxDriver: firefox on windows (null) Exception occured: FirefoxDriver: firefox on windows (null) Exception occured: FirefoxDriver: firefox on windows (null) Exception occured: FirefoxDriver: firefox on windows (null) Exception occured: FirefoxDriver: firefox on windows (null) Exception occured: FirefoxDriver: firefox on windows (null) Exception occured: FirefoxDriver: firefox on windows (null) Exception occured: FirefoxDriver: firefox on windows (null) Exception occured: FirefoxDriver: firefox on windows (null) Exception occured: FirefoxDriver: firefox on windows (null) Exception occured: FirefoxDriver: firefox on windows (null) Exception occured: FirefoxDriver: firefox on windows (null) Exception occured: FirefoxDriver: firefox on windows (null) Exception occured: FirefoxDriver: firefox on windows (null) Exception occured: FirefoxDriver: firefox on windows (null) Exception occured: FirefoxDriver: firefox on windows (null) Exception occured: FirefoxDriver: firefox on windows (null) Exception occured: FirefoxDriver: firefox on windows (null) Exception occured: FirefoxDriver: firefox on windows (null) Exception occured: FirefoxDriver: firefox on windows (null) Exception occured: FirefoxDriver: firefox on windows (null) Exception occured: FirefoxDriver: firefox on windows (null) Exception occured: FirefoxDriver: firefox on windows (null) Exception occured: FirefoxDriver: firefox on windows (null) Exception occured: FirefoxDriver: firefox on windows (null) Exception occured: FirefoxDriver: firefox on windows (null) Exception occured: FirefoxDriver: firefox on windows (null) Exception occured: FirefoxDriver: firefox on windows (null) Exception occured: FirefoxDriver: firefox on windows (null) Exception occured: FirefoxDriver: firefox on windows (null) Exception occured: FirefoxDriver: firefox on windows (null) Exception occured: FirefoxDriver: firefox on windows (null) Exception occured: FirefoxDriver: firefox on windows (null) Exception occured: FirefoxDriver: firefox on windows (null) Exception occured: FirefoxDriver: firefox on windows (null) Exception occured: FirefoxDriver: firefox on windows (null) Exception occured: FirefoxDriver: firefox on windows (null) Exception occured: FirefoxDriver: firefox on windows (null) Exception occured: FirefoxDriver: firefox on windows (null) Exception occured: FirefoxDriver: firefox on windows (null) Exception occured: FirefoxDriver: firefox on windows (null) Exception occured: FirefoxDriver: firefox on windows (null) Exception occured: FirefoxDriver: firefox on windows (null) Exception occured: FirefoxDriver: firefox on windows (null) Exception occured: FirefoxDriver: firefox on windows (null) Exception occured: FirefoxDriver: firefox on windows (null) Exception occured: FirefoxDriver: firefox on windows (null) Exception occured: FirefoxDriver: firefox on windows (null) Exception occured: FirefoxDriver: firefox on windows (null) Exception occured: FirefoxDriver: firefox on windows (null) Exception occured: FirefoxDriver: firefox on windows (null) Exception occured: FirefoxDriver: firefox on windows (null) Exception occured: FirefoxDriver: firefox on windows (null) Exception occured: FirefoxDriver: firefox on windows (null) Exception occured: FirefoxDriver: firefox on windows (null) Exception occured: FirefoxDriver: firefox on windows (null) Exception occured: FirefoxDriver: firefox on windows (null) Exception occured: FirefoxDriver: firefox on windows (null) Exception occured: FirefoxDriver: firefox on windows (null) Exception occured: FirefoxDriver: firefox on windows (null) Exception occured: FirefoxDriver: firefox on windows (null) Exception occured: FirefoxDriver: firefox on windows (null) Exception occured: FirefoxDriver: firefox on windows (null) Exception occured: FirefoxDriver: firefox on windows (null) Exception occured: FirefoxDriver: firefox on windows (null) Exception occured: FirefoxDriver: firefox on windows (null) Exception occured: FirefoxDriver: firefox on windows (null) Exception occured: FirefoxDriver: firefox on windows (null) Exception occured: FirefoxDriver: firefox on windows (null) Exception occured: FirefoxDriver: firefox on windows (null) Exception occured: FirefoxDriver: firefox on windows (null) Exception occured: FirefoxDriver: firefox on windows (null) Exception occured: FirefoxDriver: firefox on windows (null) Exception occured: FirefoxDriver: firefox on windows (null) Exception occured: FirefoxDriver: firefox on windows (null) Exception occured: FirefoxDriver: firefox on windows (null) Exception occured: FirefoxDriver: firefox on windows (null) Exception occured: FirefoxDriver: firefox on windows (null) Exception occured: FirefoxDriver: firefox on windows (null) Exception occured: FirefoxDriver: firefox on windows (null) Exception occured: FirefoxDriver: firefox on windows (null) Exception occured: FirefoxDriver: firefox on windows (null) Exception occured: FirefoxDriver: firefox on windows (null) Exception occured: FirefoxDriver: firefox on windows (null) Exception occured: FirefoxDriver: firefox on windows (null) Exception occured: FirefoxDriver: firefox on windows (null) Exception occured: FirefoxDriver: firefox on windows (null) Exception occured: FirefoxDriver: firefox on windows (null) Exception occured: FirefoxDriver: firefox on windows (null) Exception occured: FirefoxDriver: firefox on windows (null) Exception occured: FirefoxDriver: firefox on windows (null) Exception occured: FirefoxDriver: firefox on windows (null) Exception occured: FirefoxDriver: firefox on windows (null) Exception occured: FirefoxDriver: firefox on windows (null) Exception occured: FirefoxDriver: firefox on windows (null) Exception occured: FirefoxDriver: firefox on windows (null) Exception occured: FirefoxDriver: firefox on windows (null) Exception occured: FirefoxDriver: firefox on windows (null) Exception occured: FirefoxDriver: firefox on windows (null) Exception occured: FirefoxDriver: firefox on windows (null) Exception occured: FirefoxDriver: firefox on windows (null) Exception occured: FirefoxDriver: firefox on windows (null) Exception occured: FirefoxDriver: firefox on windows (null) Exception occured: FirefoxDriver: firefox on windows (null) Exception occured: FirefoxDriver: firefox on windows (null) Exception occured: FirefoxDriver: firefox on windows (null) Exception occured: FirefoxDriver: firefox on windows (null) Exception occured: FirefoxDriver: firefox on windows (null) Exception occured: FirefoxDriver: firefox on windows (null) Exception occured: FirefoxDriver: firefox on windows (null) Exception occured: FirefoxDriver: firefox on windows (null) Exception occured: FirefoxDriver: firefox on windows (null) Exception occured: FirefoxDriver: firefox on windows (null) Exception occured: FirefoxDriver: firefox on windows (null) Exception occured: FirefoxDriver: firefox on windows (null) Exception occured: FirefoxDriver: firefox on windows (null) Exception occured: FirefoxDriver: firefox on windows (null) Exception occured: FirefoxDriver: firefox on windows (null) Exception occured: FirefoxDriver: firefox on windows (null) Exception occured: FirefoxDriver: firefox on windows (null) Exception occured: FirefoxDriver: firefox on windows (null) Exception occured: FirefoxDriver: firefox on windows (null) Exception occured: FirefoxDriver: firefox on windows (null) Exception occured: FirefoxDriver: firefox on windows (null) Exception occured: FirefoxDriver: firefox on windows (null) Exception occured: FirefoxDriver: firefox on windows (null) Exception occured: FirefoxDriver: firefox on windows (null) Exception occured: FirefoxDriver: firefox on windows (null) Exception occured: FirefoxDriver: firefox on windows (null) Exception occured: FirefoxDriver: firefox on windows (null) Exception occured: FirefoxDriver: firefox on windows (null) Exception occured: FirefoxDriver: firefox on windows (null) Exception occured: FirefoxDriver: firefox on windows (null) Exception occured: FirefoxDriver: firefox on windows (null) Exception occured: FirefoxDriver: firefox on windows (null) Exception occured: FirefoxDriver: firefox on windows (null) Exception occured: FirefoxDriver: firefox on windows (null) Exception occured: FirefoxDriver: firefox on windows (null) Exception occured: FirefoxDriver: firefox on windows (null) Exception occured: FirefoxDriver: firefox on windows (null) Exception occured: FirefoxDriver: firefox on windows (null) Exception occured: FirefoxDriver: firefox on windows (null) Exception occured: FirefoxDriver: firefox on windows (null) Exception occured: FirefoxDriver: firefox on windows (null) Exception occured: FirefoxDriver: firefox on windows (null) Exception occured: FirefoxDriver: firefox on windows (null) Exception occured: FirefoxDriver: firefox on windows (null) Exception occured: FirefoxDriver: firefox on windows (null) Exception occured: FirefoxDriver: firefox on windows (null) Exception occured: FirefoxDriver: firefox on windows (null) Exception occured: FirefoxDriver: firefox on windows (null) Exception occured: FirefoxDriver: firefox on windows (null) Exception occured: FirefoxDriver: firefox on windows (null) Exception occured: FirefoxDriver: firefox on windows (null) Exception occured: FirefoxDriver: firefox on windows (null) Exception occured: FirefoxDriver: firefox on windows (null) Exception occured: FirefoxDriver: firefox on windows (null) Exception occured: FirefoxDriver: firefox on windows (null) Exception occured: FirefoxDriver: firefox on windows (null) Exception occured: FirefoxDriver: firefox on windows (null) Exception occured: FirefoxDriver: firefox on windows (null) Exception occured: FirefoxDriver: firefox on windows (null) Exception occured: FirefoxDriver: firefox on windows (null) Exception occured: FirefoxDriver: firefox on windows (null) Exception occured: FirefoxDriver: firefox on windows (null) Exception occured: FirefoxDriver: firefox on windows (null) Exception occured: FirefoxDriver: firefox on windows (null) Exception occured: FirefoxDriver: firefox on windows (null) Exception occured: FirefoxDriver: firefox on windows (null) Exception occured: FirefoxDriver: firefox on windows (null) Exception occured: FirefoxDriver: firefox on windows (null) Exception occured: FirefoxDriver: firefox on windows (null) Exception occured: FirefoxDriver: firefox on windows (null) Exception occured: FirefoxDriver: firefox on windows (null) Exception occured: FirefoxDriver: firefox on windows (null) Exception occured: FirefoxDriver: firefox on windows (null) Exception occured: FirefoxDriver: firefox on windows (null) Exception occured: FirefoxDriver: firefox on windows (null) Exception occured: FirefoxDriver: firefox on windows (null) Exception occured: FirefoxDriver: firefox on windows (null) Exception occured: FirefoxDriver: firefox on windows (null) Exception occured: FirefoxDriver: firefox on windows (null) Exception occured: FirefoxDriver: firefox on windows (null) Exception occured: FirefoxDriver: firefox on windows (null) Exception occured: FirefoxDriver: firefox on windows (null) Exception occured: FirefoxDriver: firefox on windows (null) Exception occured: FirefoxDriver: firefox on windows (null) Exception occured: FirefoxDriver: firefox on windows (null) Exception occured: FirefoxDriver: firefox on windows (null) Exception occured: FirefoxDriver: firefox on windows (null) Exception occured: FirefoxDriver: firefox on windows (null) Exception occured: FirefoxDriver: firefox on windows (null) Exception occured: FirefoxDriver: firefox on windows (null) Exception occured: FirefoxDriver: firefox on windows (null) Exception occured: FirefoxDriver: firefox on windows (null) Exception occured: FirefoxDriver: firefox on windows (null) Exception occured: FirefoxDriver: firefox on windows (null) Exception occured: FirefoxDriver: firefox on windows (null) Exception occured: FirefoxDriver: firefox on windows (null) Exception occured: FirefoxDriver: firefox on windows (null) Exception occured: FirefoxDriver: firefox on windows (null) Exception occured: FirefoxDriver: firefox on windows (null) Exception occured: FirefoxDriver: firefox on windows (null) Exception occured: FirefoxDriver: firefox on windows (null) Exception occured: FirefoxDriver: firefox on windows (null) Exception occured: FirefoxDriver: firefox on windows (null) Exception occured: FirefoxDriver: firefox on windows (null) Exception occured: FirefoxDriver: firefox on windows (null) Exception occured: FirefoxDriver: firefox on windows (null) Exception occured: FirefoxDriver: firefox on windows (null) Exception occured: FirefoxDriver: firefox on windows (null) Exception occured: FirefoxDriver: firefox on windows (null) Exception occured: FirefoxDriver: firefox on windows (null) Exception occured: FirefoxDriver: firefox on windows (null) Exception occured: FirefoxDriver: firefox on windows (null) Exception occured: FirefoxDriver: firefox on windows (null) Exception occured: FirefoxDriver: firefox on windows (null) Exception occured: FirefoxDriver: firefox on windows (null) Exception occured: FirefoxDriver: firefox on windows (null) Exception occured: FirefoxDriver: firefox on windows (null) Exception occured: FirefoxDriver: firefox on windows (null) Exception occured: FirefoxDriver: firefox on windows (null) Exception occured: FirefoxDriver: firefox on windows (null) Exception occured: FirefoxDriver: firefox on windows (null) Exception occured: FirefoxDriver: firefox on windows (null) Exception occured: FirefoxDriver: firefox on windows (null) Exception occured: FirefoxDriver: firefox on windows (null) Exception occured: FirefoxDriver: firefox on windows (null) Exception occured: FirefoxDriver: firefox on windows (null) Exception occured: FirefoxDriver: firefox on windows (null) Exception occured: FirefoxDriver: firefox on windows (null) Exception occured: FirefoxDriver: firefox on windows (null) Exception occured: FirefoxDriver: firefox on windows (null) Exception occured: FirefoxDriver: firefox on windows (null) Exception occured: FirefoxDriver: firefox on windows (null) Exception occured: FirefoxDriver: firefox on windows (null) Exception occured: FirefoxDriver: firefox on windows (null) Exception occured: FirefoxDriver: firefox on windows (null) Exception occured: FirefoxDriver: firefox on windows (null) Exception occured: FirefoxDriver: firefox on windows (null) Exception occured: FirefoxDriver: firefox on windows (null) Exception occured: FirefoxDriver: firefox on windows (null) Exception occured: FirefoxDriver: firefox on windows (null) Exception occured: FirefoxDriver: firefox on windows (null) Exception occured: FirefoxDriver: firefox on windows (null) Exception occured: FirefoxDriver: firefox on windows (null) Exception occured: FirefoxDriver: firefox on windows (null) Exception occured: FirefoxDriver: firefox on windows (null) Exception occured: FirefoxDriver: firefox on windows (null) Exception occured: FirefoxDriver: firefox on windows (null) Exception occured: FirefoxDriver: firefox on windows (null) Exception occured: FirefoxDriver: firefox on windows (null) Exception occured: FirefoxDriver: firefox on windows (null) Exception occured: FirefoxDriver: firefox on windows (null) Exception occured: FirefoxDriver: firefox on windows (null) Exception occured: FirefoxDriver: firefox on windows (null) Exception occured: FirefoxDriver: firefox on windows (null) Exception occured: FirefoxDriver: firefox on windows (null)  </system-out>
  <testcase classname="com.project.bachthree.automation.qa.tests.RegisterTest" name="verifyRegisterTest" time="9.247"/>
  <system-out>
Before Finding ElementBy.xpath: //input[@name='vfb-5'] Before sending any values to input field[[FirefoxDriver: firefox on windows (a62bc06c-6e0a-4427-834e-adea1941cbf3)] -> xpath: //input[@name='vfb-5']] Before Finding ElementBy.xpath: //input[@name='vfb-7'] Before sending any values to input field[[FirefoxDriver: firefox on windows (a62bc06c-6e0a-4427-834e-adea1941cbf3)] -> xpath: //input[@name='vfb-7']] Before Finding ElementBy.xpath: //input[@value='Male'] Before Clicking:[[FirefoxDriver: firefox on windows (a62bc06c-6e0a-4427-834e-adea1941cbf3)] -> xpath: //input[@value='Male']] After Clicking:[[FirefoxDriver: firefox on windows (a62bc06c-6e0a-4427-834e-adea1941cbf3)] -> xpath: //input[@value='Male']] register testcase Done!  </system-out>
  <testcase classname="com.project.bachthree.automation.qa.tests.RegisterTest" name="verifyRegisterTest" time="41.650"/>
  <system-out>
Before Finding ElementBy.xpath: //input[@name='vfb-5'] Before sending any values to input field[[FirefoxDriver: firefox on windows (a62bc06c-6e0a-4427-834e-adea1941cbf3)] -> xpath: //input[@name='vfb-5']] Before Finding ElementBy.xpath: //input[@name='vfb-7'] Before sending any values to input field[[FirefoxDriver: firefox on windows (a62bc06c-6e0a-4427-834e-adea1941cbf3)] -> xpath: //input[@name='vfb-7']] Before Finding ElementBy.xpath: //input[@value='Male'] Before Clicking:[[FirefoxDriver: firefox on windows (a62bc06c-6e0a-4427-834e-adea1941cbf3)] -> xpath: //input[@value='Male']] After Clicking:[[FirefoxDriver: firefox on windows (a62bc06c-6e0a-4427-834e-adea1941cbf3)] -> xpath: //input[@value='Male']] register testcase Done!  </system-out>
  <testcase classname="com.project.bachthree.automation.qa.tests.RegisterTest" name="closeBrowserSession" time="14.579">
    <error message="Timed out waiting for driver server to stop.
Build info: version: &#039;4.24.0&#039;, revision: &#039;748ffc9bc3&#039;
System info: os.name: &#039;Windows 10&#039;, os.arch: &#039;amd64&#039;, os.version: &#039;10.0&#039;, java.version: &#039;17.0.7&#039;
Driver info: org.openqa.selenium.firefox.FirefoxDriver
Command: [a62bc06c-6e0a-4427-834e-adea1941cbf3, quit {}]
Capabilities {acceptInsecureCerts: true, browserName: firefox, browserVersion: 132.0.1, moz:accessibilityChecks: false, moz:buildID: 20241103194048, moz:debuggerAddress: 127.0.0.1:32298, moz:geckodriverVersion: 0.35.0, moz:headless: false, moz:platformVersion: 10.0, moz:processID: 10656, moz:profile: C:\Users\USER\AppData\Local..., moz:shutdownTimeout: 60000, moz:webdriverClick: true, moz:windowless: false, pageLoadStrategy: normal, platformName: windows, proxy: Proxy(), se:cdp: ws://127.0.0.1:32298/devtoo..., se:cdpVersion: 85.0, setWindowRect: true, strictFileInteractability: false, timeouts: {implicit: 0, pageLoad: 300000, script: 30000}, unhandledPromptBehavior: dismiss and notify, userAgent: Mozilla/5.0 (Windows NT 10....}" type="org.openqa.selenium.WebDriverException">
      <![CDATA[org.openqa.selenium.WebDriverException: Timed out waiting for driver server to stop.
Build info: version: '4.24.0', revision: '748ffc9bc3'
System info: os.name: 'Windows 10', os.arch: 'amd64', os.version: '10.0', java.version: '17.0.7'
Driver info: org.openqa.selenium.firefox.FirefoxDriver
Command: [a62bc06c-6e0a-4427-834e-adea1941cbf3, quit {}]
Capabilities {acceptInsecureCerts: true, browserName: firefox, browserVersion: 132.0.1, moz:accessibilityChecks: false, moz:buildID: 20241103194048, moz:debuggerAddress: 127.0.0.1:32298, moz:geckodriverVersion: 0.35.0, moz:headless: false, moz:platformVersion: 10.0, moz:processID: 10656, moz:profile: C:\Users\USER\AppData\Local..., moz:shutdownTimeout: 60000, moz:webdriverClick: true, moz:windowless: false, pageLoadStrategy: normal, platformName: windows, proxy: Proxy(), se:cdp: ws://127.0.0.1:32298/devtoo..., se:cdpVersion: 85.0, setWindowRect: true, strictFileInteractability: false, timeouts: {implicit: 0, pageLoad: 300000, script: 30000}, unhandledPromptBehavior: dismiss and notify, userAgent: Mozilla/5.0 (Windows NT 10....}
at org.openqa.selenium.remote.service.DriverCommandExecutor.execute(DriverCommandExecutor.java:164)
at org.openqa.selenium.remote.RemoteWebDriver.execute(RemoteWebDriver.java:545)
at org.openqa.selenium.remote.RemoteWebDriver.execute(RemoteWebDriver.java:618)
at org.openqa.selenium.remote.RemoteWebDriver.execute(RemoteWebDriver.java:622)
at org.openqa.selenium.remote.RemoteWebDriver.quit(RemoteWebDriver.java:446)
at org.openqa.selenium.firefox.FirefoxDriver.quit(FirefoxDriver.java:397)
at java.base/jdk.internal.reflect.NativeMethodAccessorImpl.invoke0(Native Method)
at java.base/jdk.internal.reflect.NativeMethodAccessorImpl.invoke(NativeMethodAccessorImpl.java:77)
at java.base/jdk.internal.reflect.DelegatingMethodAccessorImpl.invoke(DelegatingMethodAccessorImpl.java:43)
at java.base/java.lang.reflect.Method.invoke(Method.java:568)
at org.openqa.selenium.support.decorators.WebDriverDecorator.call(WebDriverDecorator.java:249)
at org.openqa.selenium.support.decorators.DefaultDecorated.call(DefaultDecorated.java:48)
at org.openqa.selenium.support.decorators.WebDriverDecorator.lambda$createProxy$2(WebDriverDecorator.java:321)
at net.bytebuddy.renamed.java.lang.Object$ByteBuddy$pQrQbaBE.quit(Unknown Source)
at com.project.bachthree.automation.qa.base.BaseClass.closeBrowserSession(BaseClass.java:116)
at java.base/jdk.internal.reflect.NativeMethodAccessorImpl.invoke0(Native Method)
at java.base/jdk.internal.reflect.NativeMethodAccessorImpl.invoke(NativeMethodAccessorImpl.java:77)
at java.base/jdk.internal.reflect.DelegatingMethodAccessorImpl.invoke(DelegatingMethodAccessorImpl.java:43)
at java.base/java.lang.reflect.Method.invoke(Method.java:568)
at org.testng.internal.MethodInvocationHelper.invokeMethod(MethodInvocationHelper.java:134)
at org.testng.internal.MethodInvocationHelper.invokeMethodConsideringTimeout(MethodInvocationHelper.java:63)
at org.testng.internal.ConfigInvoker.invokeConfigurationMethod(ConfigInvoker.java:348)
at org.testng.internal.ConfigInvoker.invokeConfigurations(ConfigInvoker.java:302)
at org.testng.internal.TestInvoker.runConfigMethods(TestInvoker.java:695)
at org.testng.internal.TestInvoker.runAfterGroupsConfigurations(TestInvoker.java:671)
at org.testng.internal.TestInvoker.invokeMethod(TestInvoker.java:655)
at org.testng.internal.TestInvoker.invokeTestMethod(TestInvoker.java:173)
at org.testng.internal.MethodRunner.runInSequence(MethodRunner.java:46)
at org.testng.internal.TestInvoker$MethodInvocationAgent.invoke(TestInvoker.java:816)
at org.testng.internal.TestInvoker.invokeTestMethods(TestInvoker.java:146)
at org.testng.internal.TestMethodWorker.invokeTestMethods(TestMethodWorker.java:146)
at org.testng.internal.TestMethodWorker.run(TestMethodWorker.java:128)
at java.base/java.util.ArrayList.forEach(ArrayList.java:1511)
at org.testng.TestRunner.privateRun(TestRunner.java:766)
at org.testng.TestRunner.run(TestRunner.java:587)
at org.testng.SuiteRunner.runTest(SuiteRunner.java:384)
at org.testng.SuiteRunner.access$000(SuiteRunner.java:28)
at org.testng.SuiteRunner$SuiteWorker.run(SuiteRunner.java:425)
at org.testng.internal.thread.ThreadUtil.lambda$execute$0(ThreadUtil.java:68)
at java.base/java.util.concurrent.FutureTask.run(FutureTask.java:264)
at java.base/java.util.concurrent.ThreadPoolExecutor.runWorker(ThreadPoolExecutor.java:1136)
at java.base/java.util.concurrent.ThreadPoolExecutor$Worker.run(ThreadPoolExecutor.java:635)
at java.base/java.lang.Thread.run(Thread.java:833)
Caused by: java.util.concurrent.ExecutionException: java.lang.NullPointerException: Cannot invoke "java.net.http.HttpClient.sendAsync(java.net.http.HttpRequest, java.net.http.HttpResponse$BodyHandler)" because "this.client" is null
at java.base/java.util.concurrent.CompletableFuture.reportGet(CompletableFuture.java:396)
at java.base/java.util.concurrent.CompletableFuture.get(CompletableFuture.java:2096)
at org.openqa.selenium.remote.service.DriverCommandExecutor.execute(DriverCommandExecutor.java:160)
... 42 more
Caused by: java.lang.NullPointerException: Cannot invoke "java.net.http.HttpClient.sendAsync(java.net.http.HttpRequest, java.net.http.HttpResponse$BodyHandler)" because "this.client" is null
at org.openqa.selenium.remote.http.jdk.JdkHttpClient.execute0(JdkHttpClient.java:398)
at org.openqa.selenium.remote.http.AddSeleniumUserAgent.lambda$apply$0(AddSeleniumUserAgent.java:42)
at org.openqa.selenium.remote.http.Filter.lambda$andFinally$1(Filter.java:55)
at org.openqa.selenium.remote.http.jdk.JdkHttpClient.execute(JdkHttpClient.java:374)
at org.openqa.selenium.remote.HttpCommandExecutor.execute(HttpCommandExecutor.java:187)
at org.openqa.selenium.remote.service.DriverCommandExecutor.invokeExecute(DriverCommandExecutor.java:216)
at org.openqa.selenium.remote.service.DriverCommandExecutor.lambda$execute$1(DriverCommandExecutor.java:126)
at java.base/java.util.concurrent.CompletableFuture$AsyncSupply.run(CompletableFuture.java:1768)
... 3 more
]]>
    </error>
  </testcase> <!-- closeBrowserSession -->
  <system-out>
Exception occured: FirefoxDriver: firefox on windows (null) Exception occured: FirefoxDriver: firefox on windows (null) Exception occured: FirefoxDriver: firefox on windows (null) Exception occured: FirefoxDriver: firefox on windows (null) Exception occured: FirefoxDriver: firefox on windows (null) Exception occured: FirefoxDriver: firefox on windows (null) Exception occured: FirefoxDriver: firefox on windows (null) Exception occured: FirefoxDriver: firefox on windows (null) Exception occured: FirefoxDriver: firefox on windows (null) Exception occured: FirefoxDriver: firefox on windows (null) Exception occured: FirefoxDriver: firefox on windows (null) Exception occured: FirefoxDriver: firefox on windows (null) Exception occured: FirefoxDriver: firefox on windows (null) Exception occured: FirefoxDriver: firefox on windows (null) Exception occured: FirefoxDriver: firefox on windows (null) Exception occured: FirefoxDriver: firefox on windows (null) Exception occured: FirefoxDriver: firefox on windows (null) Exception occured: FirefoxDriver: firefox on windows (null) Exception occured: FirefoxDriver: firefox on windows (null) Exception occured: FirefoxDriver: firefox on windows (null) Exception occured: FirefoxDriver: firefox on windows (null) Exception occured: FirefoxDriver: firefox on windows (null) Exception occured: FirefoxDriver: firefox on windows (null) Exception occured: FirefoxDriver: firefox on windows (null) Exception occured: FirefoxDriver: firefox on windows (null) Exception occured: FirefoxDriver: firefox on windows (null) Exception occured: FirefoxDriver: firefox on windows (null) Exception occured: FirefoxDriver: firefox on windows (null) Exception occured: FirefoxDriver: firefox on windows (null) Exception occured: FirefoxDriver: firefox on windows (null) Exception occured: FirefoxDriver: firefox on windows (null) Exception occured: FirefoxDriver: firefox on windows (null) Exception occured: FirefoxDriver: firefox on windows (null) Exception occured: FirefoxDriver: firefox on windows (null) Exception occured: FirefoxDriver: firefox on windows (null) Exception occured: FirefoxDriver: firefox on windows (null) Exception occured: FirefoxDriver: firefox on windows (null) Exception occured: FirefoxDriver: firefox on windows (null) Exception occured: FirefoxDriver: firefox on windows (null) Exception occured: FirefoxDriver: firefox on windows (null) Exception occured: FirefoxDriver: firefox on windows (null) Exception occured: FirefoxDriver: firefox on windows (null) Exception occured: FirefoxDriver: firefox on windows (null) Exception occured: FirefoxDriver: firefox on windows (null) Exception occured: FirefoxDriver: firefox on windows (null) Exception occured: FirefoxDriver: firefox on windows (null) Exception occured: FirefoxDriver: firefox on windows (null) Exception occured: FirefoxDriver: firefox on windows (null) Exception occured: FirefoxDriver: firefox on windows (null) Exception occured: FirefoxDriver: firefox on windows (null) Exception occured: FirefoxDriver: firefox on windows (null) Exception occured: FirefoxDriver: firefox on windows (null) Exception occured: FirefoxDriver: firefox on windows (null) Exception occured: FirefoxDriver: firefox on windows (null) Exception occured: FirefoxDriver: firefox on windows (null) Exception occured: FirefoxDriver: firefox on windows (null) Exception occured: FirefoxDriver: firefox on windows (null) Exception occured: FirefoxDriver: firefox on windows (null) Exception occured: FirefoxDriver: firefox on windows (null) Exception occured: FirefoxDriver: firefox on windows (null) Exception occured: FirefoxDriver: firefox on windows (null) Exception occured: FirefoxDriver: firefox on windows (null) Exception occured: FirefoxDriver: firefox on windows (null) Exception occured: FirefoxDriver: firefox on windows (null) Exception occured: FirefoxDriver: firefox on windows (null) Exception occured: FirefoxDriver: firefox on windows (null) Exception occured: FirefoxDriver: firefox on windows (null) Exception occured: FirefoxDriver: firefox on windows (null) Exception occured: FirefoxDriver: firefox on windows (null) Exception occured: FirefoxDriver: firefox on windows (null) Exception occured: FirefoxDriver: firefox on windows (null) Exception occured: FirefoxDriver: firefox on windows (null) Exception occured: FirefoxDriver: firefox on windows (null) Exception occured: FirefoxDriver: firefox on windows (null) Exception occured: FirefoxDriver: firefox on windows (null) Exception occured: FirefoxDriver: firefox on windows (null) Exception occured: FirefoxDriver: firefox on windows (null) Exception occured: FirefoxDriver: firefox on windows (null) Exception occured: FirefoxDriver: firefox on windows (null) Exception occured: FirefoxDriver: firefox on windows (null) Exception occured: FirefoxDriver: firefox on windows (null) Exception occured: FirefoxDriver: firefox on windows (null) Exception occured: FirefoxDriver: firefox on windows (null) Exception occured: FirefoxDriver: firefox on windows (null) Exception occured: FirefoxDriver: firefox on windows (null) Exception occured: FirefoxDriver: firefox on windows (null) Exception occured: FirefoxDriver: firefox on windows (null) Exception occured: FirefoxDriver: firefox on windows (null) Exception occured: FirefoxDriver: firefox on windows (null) Exception occured: FirefoxDriver: firefox on windows (null) Exception occured: FirefoxDriver: firefox on windows (null) Exception occured: FirefoxDriver: firefox on windows (null) Exception occured: FirefoxDriver: firefox on windows (null) Exception occured: FirefoxDriver: firefox on windows (null) Exception occured: FirefoxDriver: firefox on windows (null) Exception occured: FirefoxDriver: firefox on windows (null) Exception occured: FirefoxDriver: firefox on windows (null) Exception occured: FirefoxDriver: firefox on windows (null) Exception occured: FirefoxDriver: firefox on windows (null) Exception occured: FirefoxDriver: firefox on windows (null) Exception occured: FirefoxDriver: firefox on windows (null) Exception occured: FirefoxDriver: firefox on windows (null) Exception occured: FirefoxDriver: firefox on windows (null) Exception occured: FirefoxDriver: firefox on windows (null) Exception occured: FirefoxDriver: firefox on windows (null) Exception occured: FirefoxDriver: firefox on windows (null) Exception occured: FirefoxDriver: firefox on windows (null) Exception occured: FirefoxDriver: firefox on windows (null) Exception occured: FirefoxDriver: firefox on windows (null) Exception occured: FirefoxDriver: firefox on windows (null) Exception occured: FirefoxDriver: firefox on windows (null) Exception occured: FirefoxDriver: firefox on windows (null) Exception occured: FirefoxDriver: firefox on windows (null) Exception occured: FirefoxDriver: firefox on windows (null) Exception occured: FirefoxDriver: firefox on windows (null) Exception occured: FirefoxDriver: firefox on windows (null) Exception occured: FirefoxDriver: firefox on windows (null) Exception occured: FirefoxDriver: firefox on windows (null) Exception occured: FirefoxDriver: firefox on windows (null) Exception occured: FirefoxDriver: firefox on windows (null) Exception occured: FirefoxDriver: firefox on windows (null) Exception occured: FirefoxDriver: firefox on windows (null) Exception occured: FirefoxDriver: firefox on windows (null) Exception occured: FirefoxDriver: firefox on windows (null) Exception occured: FirefoxDriver: firefox on windows (null) Exception occured: FirefoxDriver: firefox on windows (null) Exception occured: FirefoxDriver: firefox on windows (null) Exception occured: FirefoxDriver: firefox on windows (null) Exception occured: FirefoxDriver: firefox on windows (null) Exception occured: FirefoxDriver: firefox on windows (null) Exception occured: FirefoxDriver: firefox on windows (null) Exception occured: FirefoxDriver: firefox on windows (null) Exception occured: FirefoxDriver: firefox on windows (null) Exception occured: FirefoxDriver: firefox on windows (null) Exception occured: FirefoxDriver: firefox on windows (null) Exception occured: FirefoxDriver: firefox on windows (null) Exception occured: FirefoxDriver: firefox on windows (null) Exception occured: FirefoxDriver: firefox on windows (null) Exception occured: FirefoxDriver: firefox on windows (null) Exception occured: FirefoxDriver: firefox on windows (null) Exception occured: FirefoxDriver: firefox on windows (null) Exception occured: FirefoxDriver: firefox on windows (null) Exception occured: FirefoxDriver: firefox on windows (null) Exception occured: FirefoxDriver: firefox on windows (null) Exception occured: FirefoxDriver: firefox on windows (null) Exception occured: FirefoxDriver: firefox on windows (null) Exception occured: FirefoxDriver: firefox on windows (null) Exception occured: FirefoxDriver: firefox on windows (null) Exception occured: FirefoxDriver: firefox on windows (null) Exception occured: FirefoxDriver: firefox on windows (null) Exception occured: FirefoxDriver: firefox on windows (null) Exception occured: FirefoxDriver: firefox on windows (null) Exception occured: FirefoxDriver: firefox on windows (null) Exception occured: FirefoxDriver: firefox on windows (null) Exception occured: FirefoxDriver: firefox on windows (null) Exception occured: FirefoxDriver: firefox on windows (null) Exception occured: FirefoxDriver: firefox on windows (null) Exception occured: FirefoxDriver: firefox on windows (null) Exception occured: FirefoxDriver: firefox on windows (null) Exception occured: FirefoxDriver: firefox on windows (null) Exception occured: FirefoxDriver: firefox on windows (null) Exception occured: FirefoxDriver: firefox on windows (null) Exception occured: FirefoxDriver: firefox on windows (null) Exception occured: FirefoxDriver: firefox on windows (null) Exception occured: FirefoxDriver: firefox on windows (null) Exception occured: FirefoxDriver: firefox on windows (null) Exception occured: FirefoxDriver: firefox on windows (null) Exception occured: FirefoxDriver: firefox on windows (null) Exception occured: FirefoxDriver: firefox on windows (null) Exception occured: FirefoxDriver: firefox on windows (null) Exception occured: FirefoxDriver: firefox on windows (null) Exception occured: FirefoxDriver: firefox on windows (null) Exception occured: FirefoxDriver: firefox on windows (null) Exception occured: FirefoxDriver: firefox on windows (null) Exception occured: FirefoxDriver: firefox on windows (null) Exception occured: FirefoxDriver: firefox on windows (null) Exception occured: FirefoxDriver: firefox on windows (null) Exception occured: FirefoxDriver: firefox on windows (null) Exception occured: FirefoxDriver: firefox on windows (null) Exception occured: FirefoxDriver: firefox on windows (null) Exception occured: FirefoxDriver: firefox on windows (null) Exception occured: FirefoxDriver: firefox on windows (null) Exception occured: FirefoxDriver: firefox on windows (null) Exception occured: FirefoxDriver: firefox on windows (null) Exception occured: FirefoxDriver: firefox on windows (null) Exception occured: FirefoxDriver: firefox on windows (null) Exception occured: FirefoxDriver: firefox on windows (null) Exception occured: FirefoxDriver: firefox on windows (null) Exception occured: FirefoxDriver: firefox on windows (null) Exception occured: FirefoxDriver: firefox on windows (null) Exception occured: FirefoxDriver: firefox on windows (null) Exception occured: FirefoxDriver: firefox on windows (null) Exception occured: FirefoxDriver: firefox on windows (null) Exception occured: FirefoxDriver: firefox on windows (null) Exception occured: FirefoxDriver: firefox on windows (null) Exception occured: FirefoxDriver: firefox on windows (null) Exception occured: FirefoxDriver: firefox on windows (null) Exception occured: FirefoxDriver: firefox on windows (null) Exception occured: FirefoxDriver: firefox on windows (null) Exception occured: FirefoxDriver: firefox on windows (null) Exception occured: FirefoxDriver: firefox on windows (null) Exception occured: FirefoxDriver: firefox on windows (null) Exception occured: FirefoxDriver: firefox on windows (null) Exception occured: FirefoxDriver: firefox on windows (null) Exception occured: FirefoxDriver: firefox on windows (null) Exception occured: FirefoxDriver: firefox on windows (null) Exception occured: FirefoxDriver: firefox on windows (null) Exception occured: FirefoxDriver: firefox on windows (null) Exception occured: FirefoxDriver: firefox on windows (null) Exception occured: FirefoxDriver: firefox on windows (null) Exception occured: FirefoxDriver: firefox on windows (null) Exception occured: FirefoxDriver: firefox on windows (null) Exception occured: FirefoxDriver: firefox on windows (null) Exception occured: FirefoxDriver: firefox on windows (null) Exception occured: FirefoxDriver: firefox on windows (null) Exception occured: FirefoxDriver: firefox on windows (null) Exception occured: FirefoxDriver: firefox on windows (null) Exception occured: FirefoxDriver: firefox on windows (null) Exception occured: FirefoxDriver: firefox on windows (null) Exception occured: FirefoxDriver: firefox on windows (null) Exception occured: FirefoxDriver: firefox on windows (null) Exception occured: FirefoxDriver: firefox on windows (null) Exception occured: FirefoxDriver: firefox on windows (null) Exception occured: FirefoxDriver: firefox on windows (null) Exception occured: FirefoxDriver: firefox on windows (null) Exception occured: FirefoxDriver: firefox on windows (null) Exception occured: FirefoxDriver: firefox on windows (null) Exception occured: FirefoxDriver: firefox on windows (null) Exception occured: FirefoxDriver: firefox on windows (null) Exception occured: FirefoxDriver: firefox on windows (null) Exception occured: FirefoxDriver: firefox on windows (null) Exception occured: FirefoxDriver: firefox on windows (null) Exception occured: FirefoxDriver: firefox on windows (null) Exception occured: FirefoxDriver: firefox on windows (null) Exception occured: FirefoxDriver: firefox on windows (null) Exception occured: FirefoxDriver: firefox on windows (null) Exception occured: FirefoxDriver: firefox on windows (null) Exception occured: FirefoxDriver: firefox on windows (null) Exception occured: FirefoxDriver: firefox on windows (null) Exception occured: FirefoxDriver: firefox on windows (null) Exception occured: FirefoxDriver: firefox on windows (null) Exception occured: FirefoxDriver: firefox on windows (null) Exception occured: FirefoxDriver: firefox on windows (null) Exception occured: FirefoxDriver: firefox on windows (null) Exception occured: FirefoxDriver: firefox on windows (null) Exception occured: FirefoxDriver: firefox on windows (null) Exception occured: FirefoxDriver: firefox on windows (null) Exception occured: FirefoxDriver: firefox on windows (null) Exception occured: FirefoxDriver: firefox on windows (null) Exception occured: FirefoxDriver: firefox on windows (null) Exception occured: FirefoxDriver: firefox on windows (null) Exception occured: FirefoxDriver: firefox on windows (null) Exception occured: FirefoxDriver: firefox on windows (null) Exception occured: FirefoxDriver: firefox on windows (null) Exception occured: FirefoxDriver: firefox on windows (null) Exception occured: FirefoxDriver: firefox on windows (null) Exception occured: FirefoxDriver: firefox on windows (null) Exception occured: FirefoxDriver: firefox on windows (null) Exception occured: FirefoxDriver: firefox on windows (null) Exception occured: FirefoxDriver: firefox on windows (null) Exception occured: FirefoxDriver: firefox on windows (null) Exception occured: FirefoxDriver: firefox on windows (null) Exception occured: FirefoxDriver: firefox on windows (null) Exception occured: FirefoxDriver: firefox on windows (null) Exception occured: FirefoxDriver: firefox on windows (null) Exception occured: FirefoxDriver: firefox on windows (null) Exception occured: FirefoxDriver: firefox on windows (null) Exception occured: FirefoxDriver: firefox on windows (null) Exception occured: FirefoxDriver: firefox on windows (null) Exception occured: FirefoxDriver: firefox on windows (null) Exception occured: FirefoxDriver: firefox on windows (null) Exception occured: FirefoxDriver: firefox on windows (null) Exception occured: FirefoxDriver: firefox on windows (null) Exception occured: FirefoxDriver: firefox on windows (null) Exception occured: FirefoxDriver: firefox on windows (null) Exception occured: FirefoxDriver: firefox on windows (null) Exception occured: FirefoxDriver: firefox on windows (null) Exception occured: FirefoxDriver: firefox on windows (null) Exception occured: FirefoxDriver: firefox on windows (null) Exception occured: FirefoxDriver: firefox on windows (null) Exception occured: FirefoxDriver: firefox on windows (null) Exception occured: FirefoxDriver: firefox on windows (null) Exception occured: FirefoxDriver: firefox on windows (null) Exception occured: FirefoxDriver: firefox on windows (null) Exception occured: FirefoxDriver: firefox on windows (null) Exception occured: FirefoxDriver: firefox on windows (null) Exception occured: FirefoxDriver: firefox on windows (null) Exception occured: FirefoxDriver: firefox on windows (null) Exception occured: FirefoxDriver: firefox on windows (null) Exception occured: FirefoxDriver: firefox on windows (null) Exception occured: FirefoxDriver: firefox on windows (null) Exception occured: FirefoxDriver: firefox on windows (null) Exception occured: FirefoxDriver: firefox on windows (null) Exception occured: FirefoxDriver: firefox on windows (null) Exception occured: FirefoxDriver: firefox on windows (null) Exception occured: FirefoxDriver: firefox on windows (null) Exception occured: FirefoxDriver: firefox on windows (null) Exception occured: FirefoxDriver: firefox on windows (null) Exception occured: FirefoxDriver: firefox on windows (null) Exception occured: FirefoxDriver: firefox on windows (null) Exception occured: FirefoxDriver: firefox on windows (null) Exception occured: FirefoxDriver: firefox on windows (null) Exception occured: FirefoxDriver: firefox on windows (null) Exception occured: FirefoxDriver: firefox on windows (null) Exception occured: FirefoxDriver: firefox on windows (null) Exception occured: FirefoxDriver: firefox on windows (null) Exception occured: FirefoxDriver: firefox on windows (null) Exception occured: FirefoxDriver: firefox on windows (null) Exception occured: FirefoxDriver: firefox on windows (null) Exception occured: FirefoxDriver: firefox on windows (null) Exception occured: FirefoxDriver: firefox on windows (null) Exception occured: FirefoxDriver: firefox on windows (null) Exception occured: FirefoxDriver: firefox on windows (null) Exception occured: FirefoxDriver: firefox on windows (null) Exception occured: FirefoxDriver: firefox on windows (null) Exception occured: FirefoxDriver: firefox on windows (null) Exception occured: FirefoxDriver: firefox on windows (null) Exception occured: FirefoxDriver: firefox on windows (null) Exception occured: FirefoxDriver: firefox on windows (null) Exception occured: FirefoxDriver: firefox on windows (null) Exception occured: FirefoxDriver: firefox on windows (null) Exception occured: FirefoxDriver: firefox on windows (null) Exception occured: FirefoxDriver: firefox on windows (null) Exception occured: FirefoxDriver: firefox on windows (null) Exception occured: FirefoxDriver: firefox on windows (null) Exception occured: FirefoxDriver: firefox on windows (null) Exception occured: FirefoxDriver: firefox on windows (null) Exception occured: FirefoxDriver: firefox on windows (null) Exception occured: FirefoxDriver: firefox on windows (null) Exception occured: FirefoxDriver: firefox on windows (null) Exception occured: FirefoxDriver: firefox on windows (null) Exception occured: FirefoxDriver
[...]
cured: FirefoxDriver: firefox on windows (null) Exception occured: FirefoxDriver: firefox on windows (null) Exception occured: FirefoxDriver: firefox on windows (null) Exception occured: FirefoxDriver: firefox on windows (null) Exception occured: FirefoxDriver: firefox on windows (null) Exception occured: FirefoxDriver: firefox on windows (null) Exception occured: FirefoxDriver: firefox on windows (null) Exception occured: FirefoxDriver: firefox on windows (null) Exception occured: FirefoxDriver: firefox on windows (null) Exception occured: FirefoxDriver: firefox on windows (null) Exception occured: FirefoxDriver: firefox on windows (null) Exception occured: FirefoxDriver: firefox on windows (null) Exception occured: FirefoxDriver: firefox on windows (null) Exception occured: FirefoxDriver: firefox on windows (null) Exception occured: FirefoxDriver: firefox on windows (null) Exception occured: FirefoxDriver: firefox on windows (null) Exception occured: FirefoxDriver: firefox on windows (null) Exception occured: FirefoxDriver: firefox on windows (null) Exception occured: FirefoxDriver: firefox on windows (null) Exception occured: FirefoxDriver: firefox on windows (null) Exception occured: FirefoxDriver: firefox on windows (null) Exception occured: FirefoxDriver: firefox on windows (null) Exception occured: FirefoxDriver: firefox on windows (null) Exception occured: FirefoxDriver: firefox on windows (null) Exception occured: FirefoxDriver: firefox on windows (null) Exception occured: FirefoxDriver: firefox on windows (null) Exception occured: FirefoxDriver: firefox on windows (null) Exception occured: FirefoxDriver: firefox on windows (null) Exception occured: FirefoxDriver: firefox on windows (null) Exception occured: FirefoxDriver: firefox on windows (null) Exception occured: FirefoxDriver: firefox on windows (null) Exception occured: FirefoxDriver: firefox on windows (null) Exception occured: FirefoxDriver: firefox on windows (null) Exception occured: FirefoxDriver: firefox on windows (null) Exception occured: FirefoxDriver: firefox on windows (null) Exception occured: FirefoxDriver: firefox on windows (null) Exception occured: FirefoxDriver: firefox on windows (null) Exception occured: FirefoxDriver: firefox on windows (null) Exception occured: FirefoxDriver: firefox on windows (null) Exception occured: FirefoxDriver: firefox on windows (null) Exception occured: FirefoxDriver: firefox on windows (null) Exception occured: FirefoxDriver: firefox on windows (null) Exception occured: FirefoxDriver: firefox on windows (null) Exception occured: FirefoxDriver: firefox on windows (null) Exception occured: FirefoxDriver: firefox on windows (null) Exception occured: FirefoxDriver: firefox on windows (null) Exception occured: FirefoxDriver: firefox on windows (null) Exception occured: FirefoxDriver: firefox on windows (null) Exception occured: FirefoxDriver: firefox on windows (null) Exception occured: FirefoxDriver: firefox on windows (null) Exception occured: FirefoxDriver: firefox on windows (null) Exception occured: FirefoxDriver: firefox on windows (null) Exception occured: FirefoxDriver: firefox on windows (null) Exception occured: FirefoxDriver: firefox on windows (null) Exception occured: FirefoxDriver: firefox on windows (null) Exception occured: FirefoxDriver: firefox on windows (null) Exception occured: FirefoxDriver: firefox on windows (null) Exception occured: FirefoxDriver: firefox on windows (null) Exception occured: FirefoxDriver: firefox on windows (null) Exception occured: FirefoxDriver: firefox on windows (null) Exception occured: FirefoxDriver: firefox on windows (null) Exception occured: FirefoxDriver: firefox on windows (null) Exception occured: FirefoxDriver: firefox on windows (null) Exception occured: FirefoxDriver: firefox on windows (null) Exception occured: FirefoxDriver: firefox on windows (null) Exception occured: FirefoxDriver: firefox on windows (null) Exception occured: FirefoxDriver: firefox on windows (null) Exception occured: FirefoxDriver: firefox on windows (null) Exception occured: FirefoxDriver: firefox on windows (null) Exception occured: FirefoxDriver: firefox on windows (null) Exception occured: FirefoxDriver: firefox on windows (null) Exception occured: FirefoxDriver: firefox on windows (null) Exception occured: FirefoxDriver: firefox on windows (null) Exception occured: FirefoxDriver: firefox on windows (null) Exception occured: FirefoxDriver: firefox on windows (null) Exception occured: FirefoxDriver: firefox on windows (null) Exception occured: FirefoxDriver: firefox on windows (null) Exception occured: FirefoxDriver: firefox on windows (null) Exception occured: FirefoxDriver: firefox on windows (null) Exception occured: FirefoxDriver: firefox on windows (null) Exception occured: FirefoxDriver: firefox on windows (null) Exception occured: FirefoxDriver: firefox on windows (null) Exception occured: FirefoxDriver: firefox on windows (null) Exception occured: FirefoxDriver: firefox on windows (null) Exception occured: FirefoxDriver: firefox on windows (null) Exception occured: FirefoxDriver: firefox on windows (null) Exception occured: FirefoxDriver: firefox on windows (null) Exception occured: FirefoxDriver: firefox on windows (null) Exception occured: FirefoxDriver: firefox on windows (null) Exception occured: FirefoxDriver: firefox on windows (null) Exception occured: FirefoxDriver: firefox on windows (null) Exception occured: FirefoxDriver: firefox on windows (null) Exception occured: FirefoxDriver: firefox on windows (null) Exception occured: FirefoxDriver: firefox on windows (null) Exception occured: FirefoxDriver: firefox on windows (null) Exception occured: FirefoxDriver: firefox on windows (null) Exception occured: FirefoxDriver: firefox on windows (null) Exception occured: FirefoxDriver: firefox on windows (null) Exception occured: FirefoxDriver: firefox on windows (null) Exception occured: FirefoxDriver: firefox on windows (null) Exception occured: FirefoxDriver: firefox on windows (null) Exception occured: FirefoxDriver: firefox on windows (null) Exception occured: FirefoxDriver: firefox on windows (null) Exception occured: FirefoxDriver: firefox on windows (null) Exception occured: FirefoxDriver: firefox on windows (null) Exception occured: FirefoxDriver: firefox on windows (null) Exception occured: FirefoxDriver: firefox on windows (null) Exception occured: FirefoxDriver: firefox on windows (null) Exception occured: FirefoxDriver: firefox on windows (null) Exception occured: FirefoxDriver: firefox on windows (null) Exception occured: FirefoxDriver: firefox on windows (null) Exception occured: FirefoxDriver: firefox on windows (null) Exception occured: FirefoxDriver: firefox on windows (null) Exception occured: FirefoxDriver: firefox on windows (null) Exception occured: FirefoxDriver: firefox on windows (null) Exception occured: FirefoxDriver: firefox on windows (null) Exception occured: FirefoxDriver: firefox on windows (null) Exception occured: FirefoxDriver: firefox on windows (null) Exception occured: FirefoxDriver: firefox on windows (null) Exception occured: FirefoxDriver: firefox on windows (null) Exception occured: FirefoxDriver: firefox on windows (null) Exception occured: FirefoxDriver: firefox on windows (null) Exception occured: FirefoxDriver: firefox on windows (null) Exception occured: FirefoxDriver: firefox on windows (null) Exception occured: FirefoxDriver: firefox on windows (null) Exception occured: FirefoxDriver: firefox on windows (null) Exception occured: FirefoxDriver: firefox on windows (null) Exception occured: FirefoxDriver: firefox on windows (null) Exception occured: FirefoxDriver: firefox on windows (null) Exception occured: FirefoxDriver: firefox on windows (null) Exception occured: FirefoxDriver: firefox on windows (null) Exception occured: FirefoxDriver: firefox on windows (null) Exception occured: FirefoxDriver: firefox on windows (null) Exception occured: FirefoxDriver: firefox on windows (null) Exception occured: FirefoxDriver: firefox on windows (null) Exception occured: FirefoxDriver: firefox on windows (null) Exception occured: FirefoxDriver: firefox on windows (null) Exception occured: FirefoxDriver: firefox on windows (null) Exception occured: FirefoxDriver: firefox on windows (null) Exception occured: FirefoxDriver: firefox on windows (null) Exception occured: FirefoxDriver: firefox on windows (null) Exception occured: FirefoxDriver: firefox on windows (null) Exception occured: FirefoxDriver: firefox on windows (null) Exception occured: FirefoxDriver: firefox on windows (null) Exception occured: FirefoxDriver: firefox on windows (null) Exception occured: FirefoxDriver: firefox on windows (null) Exception occured: FirefoxDriver: firefox on windows (null) Exception occured: FirefoxDriver: firefox on windows (null) Exception occured: FirefoxDriver: firefox on windows (null) Exception occured: FirefoxDriver: firefox on windows (null) Exception occured: FirefoxDriver: firefox on windows (null) Exception occured: FirefoxDriver: firefox on windows (null) Exception occured: FirefoxDriver: firefox on windows (null) Exception occured: FirefoxDriver: firefox on windows (null) Exception occured: FirefoxDriver: firefox on windows (null) Exception occured: FirefoxDriver: firefox on windows (null) Exception occured: FirefoxDriver: firefox on windows (null) Exception occured: FirefoxDriver: firefox on windows (null) Exception occured: FirefoxDriver: firefox on windows (null) Exception occured: FirefoxDriver: firefox on windows (null) Exception occured: FirefoxDriver: firefox on windows (null) Exception occured: FirefoxDriver: firefox on windows (null) Exception occured: FirefoxDriver: firefox on windows (null) Exception occured: FirefoxDriver: firefox on windows (null) Exception occured: FirefoxDriver: firefox on windows (null) Exception occured: FirefoxDriver: firefox on windows (null) Exception occured: FirefoxDriver: firefox on windows (null) Exception occured: FirefoxDriver: firefox on windows (null) Exception occured: FirefoxDriver: firefox on windows (null) Exception occured: FirefoxDriver: firefox on windows (null) Exception occured: FirefoxDriver: firefox on windows (null) Exception occured: FirefoxDriver: firefox on windows (null) Exception occured: FirefoxDriver: firefox on windows (null) Exception occured: FirefoxDriver: firefox on windows (null) Exception occured: FirefoxDriver: firefox on windows (null) Exception occured: FirefoxDriver: firefox on windows (null) Exception occured: FirefoxDriver: firefox on windows (null) Exception occured: FirefoxDriver: firefox on windows (null) Exception occured: FirefoxDriver: firefox on windows (null) Exception occured: FirefoxDriver: firefox on windows (null) Exception occured: FirefoxDriver: firefox on windows (null) Exception occured: FirefoxDriver: firefox on windows (null) Exception occured: FirefoxDriver: firefox on windows (null) Exception occured: FirefoxDriver: firefox on windows (null) Exception occured: FirefoxDriver: firefox on windows (null) Exception occured: FirefoxDriver: firefox on windows (null) Exception occured: FirefoxDriver: firefox on windows (null) Exception occured: FirefoxDriver: firefox on windows (null) Exception occured: FirefoxDriver: firefox on windows (null) Exception occured: FirefoxDriver: firefox on windows (null) Exception occured: FirefoxDriver: firefox on windows (null) Exception occured: FirefoxDriver: firefox on windows (null) Exception occured: FirefoxDriver: firefox on windows (null) Exception occured: FirefoxDriver: firefox on windows (null) Exception occured: FirefoxDriver: firefox on windows (null) Exception occured: FirefoxDriver: firefox on windows (null) Exception occured: FirefoxDriver: firefox on windows (null) Exception occured: FirefoxDriver: firefox on windows (null) Exception occured: FirefoxDriver: firefox on windows (null) Exception occured: FirefoxDriver: firefox on windows (null) Exception occured: FirefoxDriver: firefox on windows (null) Exception occured: FirefoxDriver: firefox on windows (null) Exception occured: FirefoxDriver: firefox on windows (null) Exception occured: FirefoxDriver: firefox on windows (null) Exception occured: FirefoxDriver: firefox on windows (null) Exception occured: FirefoxDriver: firefox on windows (null) Exception occured: FirefoxDriver: firefox on windows (null) Exception occured: FirefoxDriver: firefox on windows (null) Exception occured: FirefoxDriver: firefox on windows (null) Exception occured: FirefoxDriver: firefox on windows (null) Exception occured: FirefoxDriver: firefox on windows (null) Exception occured: FirefoxDriver: firefox on windows (null) Exception occured: FirefoxDriver: firefox on windows (null) Exception occured: FirefoxDriver: firefox on windows (null) Exception occured: FirefoxDriver: firefox on windows (null) Exception occured: FirefoxDriver: firefox on windows (null) Exception occured: FirefoxDriver: firefox on windows (null) Exception occured: FirefoxDriver: firefox on windows (null) Exception occured: FirefoxDriver: firefox on windows (null) Exception occured: FirefoxDriver: firefox on windows (null) Exception occured: FirefoxDriver: firefox on windows (null) Exception occured: FirefoxDriver: firefox on windows (null) Exception occured: FirefoxDriver: firefox on windows (null) Exception occured: FirefoxDriver: firefox on windows (null) Exception occured: FirefoxDriver: firefox on windows (null) Exception occured: FirefoxDriver: firefox on windows (null) Exception occured: FirefoxDriver: firefox on windows (null) Exception occured: FirefoxDriver: firefox on windows (null) Exception occured: FirefoxDriver: firefox on windows (null) Exception occured: FirefoxDriver: firefox on windows (null) Exception occured: FirefoxDriver: firefox on windows (null) Exception occured: FirefoxDriver: firefox on windows (null) Exception occured: FirefoxDriver: firefox on windows (null) Exception occured: FirefoxDriver: firefox on windows (null) Exception occured: FirefoxDriver: firefox on windows (null) Exception occured: FirefoxDriver: firefox on windows (null) Exception occured: FirefoxDriver: firefox on windows (null) Exception occured: FirefoxDriver: firefox on windows (null) Exception occured: FirefoxDriver: firefox on windows (null) Exception occured: FirefoxDriver: firefox on windows (null) Exception occured: FirefoxDriver: firefox on windows (null) Exception occured: FirefoxDriver: firefox on windows (null) Exception occured: FirefoxDriver: firefox on windows (null) Exception occured: FirefoxDriver: firefox on windows (null) Exception occured: FirefoxDriver: firefox on windows (null) Exception occured: FirefoxDriver: firefox on windows (null) Exception occured: FirefoxDriver: firefox on windows (null) Exception occured: FirefoxDriver: firefox on windows (null) Exception occured: FirefoxDriver: firefox on windows (null) Exception occured: FirefoxDriver: firefox on windows (null) Exception occured: FirefoxDriver: firefox on windows (null) Exception occured: FirefoxDriver: firefox on windows (null) Exception occured: FirefoxDriver: firefox on windows (null) Exception occured: FirefoxDriver: firefox on windows (null) Exception occured: FirefoxDriver: firefox on windows (null) Exception occured: FirefoxDriver: firefox on windows (null) Exception occured: FirefoxDriver: firefox on windows (null) Exception occured: FirefoxDriver: firefox on windows (null) Exception occured: FirefoxDriver: firefox on windows (null) Exception occured: FirefoxDriver: firefox on windows (null) Exception occured: FirefoxDriver: firefox on windows (null) Exception occured: FirefoxDriver: firefox on windows (null) Exception occured: FirefoxDriver: firefox on windows (null) Exception occured: FirefoxDriver: firefox on windows (null) Exception occured: FirefoxDriver: firefox on windows (null) Exception occured: FirefoxDriver: firefox on windows (null) Exception occured: FirefoxDriver: firefox on windows (null) Exception occured: FirefoxDriver: firefox on windows (null) Exception occured: FirefoxDriver: firefox on windows (null) Exception occured: FirefoxDriver: firefox on windows (null) Exception occured: FirefoxDriver: firefox on windows (null) Exception occured: FirefoxDriver: firefox on windows (null) Exception occured: FirefoxDriver: firefox on windows (null) Exception occured: FirefoxDriver: firefox on windows (null) Exception occured: FirefoxDriver: firefox on windows (null) Exception occured: FirefoxDriver: firefox on windows (null) Exception occured: FirefoxDriver: firefox on windows (null) Exception occured: FirefoxDriver: firefox on windows (null) Exception occured: FirefoxDriver: firefox on windows (null) Exception occured: FirefoxDriver: firefox on windows (null) Exception occured: FirefoxDriver: firefox on windows (null) Exception occured: FirefoxDriver: firefox on windows (null) Exception occured: FirefoxDriver: firefox on windows (null) Exception occured: FirefoxDriver: firefox on windows (null) Exception occured: FirefoxDriver: firefox on windows (null) Exception occured: FirefoxDriver: firefox on windows (null) Exception occured: FirefoxDriver: firefox on windows (null) Exception occured: FirefoxDriver: firefox on windows (null) Exception occured: FirefoxDriver: firefox on windows (null) Exception occured: FirefoxDriver: firefox on windows (null) Exception occured: FirefoxDriver: firefox on windows (null) Exception occured: FirefoxDriver: firefox on windows (null) Exception occured: FirefoxDriver: firefox on windows (null) Exception occured: FirefoxDriver: firefox on windows (null) Exception occured: FirefoxDriver: firefox on windows (null) Exception occured: FirefoxDriver: firefox on windows (null) Exception occured: FirefoxDriver: firefox on windows (null) Exception occured: FirefoxDriver: firefox on windows (null) Exception occured: FirefoxDriver: firefox on windows (null) Exception occured: FirefoxDriver: firefox on windows (null) Exception occured: FirefoxDriver: firefox on windows (null) Exception occured: FirefoxDriver: firefox on windows (null) Exception occured: FirefoxDriver: firefox on windows (null) Exception occured: FirefoxDriver: firefox on windows (null) Exception occured: FirefoxDriver: firefox on windows (null) Exception occured: FirefoxDriver: firefox on windows (null) Exception occured: FirefoxDriver: firefox on windows (null) Exception occured: FirefoxDriver: firefox on windows (null) Exception occured: FirefoxDriver: firefox on windows (null) Exception occured: FirefoxDriver: firefox on windows (null) Exception occured: FirefoxDriver: firefox on windows (null) Exception occured: FirefoxDriver: firefox on windows (null) Exception occured: FirefoxDriver: firefox on windows (null) Exception occured: FirefoxDriver: firefox on windows (null) Exception occured: FirefoxDriver: firefox on windows (null) Exception occured: FirefoxDriver: firefox on windows (null) Exception occured: FirefoxDriver: firefox on windows (null) Exception occured: FirefoxDriver: firefox on windows (null) Exception occured: FirefoxDriver: firefox on windows (null) Exception occured: FirefoxDriver: firefox on windows (null) Exception occured: FirefoxDriver: firefox on windows (null) Exception occured: FirefoxDriver: firefox on windows (null) Exception occured: FirefoxDriver: firefox on windows (null) Exception occured: FirefoxDriver: firefox on windows (null) Exception occured: FirefoxDriver: firefox on windows (null) Exception occured: FirefoxDriver: firefox on windows (null) Exception occured: FirefoxDriver: firefox on windows (null) Exception occured: FirefoxDriver: firefox on windows (null) Exception occured: FirefoxDriver: firefox on windows (null) Exception occured: FirefoxDriver: firefox on windows (null) Exception occured: FirefoxDriver: firefox on windows (null) Exception occured: FirefoxDriver: firefox on windows (null)  </system-out>
</testsuite> <!-- com.project.bachthree.automation.qa.tests.RegisterTest -->
